[0.009s] Invoking command in '/home/arc/Documents/ros2_tcp_client/build/tcp_format': CMAKE_PREFIX_PATH=/opt/ros/foxy CONDA_PROMPT_MODIFIER=(base) /usr/bin/cmake --build /home/arc/Documents/ros2_tcp_client/build/tcp_format -- -j16 -l16
[0.028s] -- Found ament_cmake: 0.9.9 (/opt/ros/foxy/share/ament_cmake/cmake)
[0.042s] -- Found PythonInterp: /usr/bin/python3 (found suitable version "3.8.10", minimum required is "3") 
[0.042s] -- Using PYTHON_EXECUTABLE: /usr/bin/python3
[0.161s] -- Found rosidl_default_generators: 1.0.1 (/opt/ros/foxy/share/rosidl_default_generators/cmake)
[0.163s] -- Using all available rosidl_typesupport_c: rosidl_typesupport_fastrtps_c;rosidl_typesupport_introspection_c
[0.165s] -- Found rosidl_adapter: 1.2.1 (/opt/ros/foxy/share/rosidl_adapter/cmake)
[0.256s] -- Using all available rosidl_typesupport_cpp: rosidl_typesupport_fastrtps_cpp;rosidl_typesupport_introspection_cpp
[0.286s] -- Found PythonInterp: /usr/bin/python3 (found version "3.8.10") 
[0.364s] -- Found ament_cmake_ros: 0.9.2 (/opt/ros/foxy/share/ament_cmake_ros/cmake)
[0.427s] -- Using all available rosidl_typesupport_c: rosidl_typesupport_fastrtps_c;rosidl_typesupport_introspection_c
[0.431s] -- Using all available rosidl_typesupport_cpp: rosidl_typesupport_fastrtps_cpp;rosidl_typesupport_introspection_cpp
[0.446s] -- Found PythonInterp: /usr/bin/python3 (found suitable version "3.8.10", minimum required is "3.5") 
[0.447s] -- Found python_cmake_module: 0.8.1 (/opt/ros/foxy/share/python_cmake_module/cmake)
[0.461s] -- Using PYTHON_EXECUTABLE: /usr/bin/python3
[0.462s] -- Using PYTHON_INCLUDE_DIRS: /usr/include/python3.8
[0.462s] -- Using PYTHON_LIBRARIES: /usr/lib/x86_64-linux-gnu/libpython3.8.so
[0.470s] -- Found ament_lint_auto: 0.9.6 (/opt/ros/foxy/share/ament_lint_auto/cmake)
[0.477s] -- Added test 'copyright' to check source files copyright and LICENSE
[0.478s] -- Added test 'lint_cmake' to check CMake code style
[0.479s] -- Added test 'xmllint' to check XML markup files
[0.481s] -- Configuring done
[0.500s] -- Generating done
[0.502s] -- Build files have been written to: /home/arc/Documents/ros2_tcp_client/build/tcp_format
[0.524s] [35m[1mScanning dependencies of target tcp_format__rosidl_generator_c[0m
[0.525s] [  3%] Built target tcp_format__cpp
[0.531s] [  6%] [32mBuilding C object CMakeFiles/tcp_format__rosidl_generator_c.dir/rosidl_generator_c/tcp_format/srv/detail/socket_format__functions.c.o[0m
[0.531s] [35m[1mScanning dependencies of target tcp_format__rosidl_typesupport_cpp[0m
[0.532s] [35m[1mScanning dependencies of target tcp_format__rosidl_typesupport_introspection_cpp[0m
[0.532s] [35m[1mScanning dependencies of target tcp_format__rosidl_typesupport_fastrtps_cpp[0m
[0.539s] [ 12%] [32mBuilding CXX object CMakeFiles/tcp_format__rosidl_typesupport_introspection_cpp.dir/rosidl_typesupport_introspection_cpp/tcp_format/srv/detail/socket_format__type_support.cpp.o[0m
[0.539s] [ 12%] [32mBuilding CXX object CMakeFiles/tcp_format__rosidl_typesupport_cpp.dir/rosidl_typesupport_cpp/tcp_format/srv/socket_format__type_support.cpp.o[0m
[0.540s] [ 16%] [32mBuilding CXX object CMakeFiles/tcp_format__rosidl_typesupport_fastrtps_cpp.dir/rosidl_typesupport_fastrtps_cpp/tcp_format/srv/detail/dds_fastrtps/socket_format__type_support.cpp.o[0m
[0.561s] [ 19%] [32m[1mLinking C shared library libtcp_format__rosidl_generator_c.so[0m
[0.583s] [ 22%] Built target tcp_format__rosidl_generator_c
[0.590s] [35m[1mScanning dependencies of target tcp_format__rosidl_typesupport_introspection_c[0m
[0.590s] [35m[1mScanning dependencies of target tcp_format__rosidl_typesupport_c[0m
[0.597s] [ 29%] [32mBuilding CXX object CMakeFiles/tcp_format__rosidl_typesupport_c.dir/rosidl_typesupport_c/tcp_format/srv/socket_format__type_support.cpp.o[0m
[0.597s] [ 29%] [32mBuilding C object CMakeFiles/tcp_format__rosidl_typesupport_introspection_c.dir/rosidl_typesupport_introspection_c/tcp_format/srv/detail/socket_format__type_support.c.o[0m
[0.619s] [ 32%] [32m[1mLinking CXX shared library libtcp_format__rosidl_typesupport_c.so[0m
[0.621s] [ 35%] [32m[1mLinking C shared library libtcp_format__rosidl_typesupport_introspection_c.so[0m
[0.639s] [ 38%] Built target tcp_format__rosidl_typesupport_introspection_c
[0.646s] [ 41%] Built target tcp_format__rosidl_typesupport_c
[0.743s] [ 45%] [32m[1mLinking CXX shared library libtcp_format__rosidl_typesupport_cpp.so[0m
[0.753s] [ 48%] [32m[1mLinking CXX shared library libtcp_format__rosidl_typesupport_introspection_cpp.so[0m
[0.768s] [ 51%] Built target tcp_format__rosidl_typesupport_cpp
[0.792s] [ 54%] Built target tcp_format__rosidl_typesupport_introspection_cpp
[0.840s] [ 58%] [32m[1mLinking CXX shared library libtcp_format__rosidl_typesupport_fastrtps_cpp.so[0m
[0.890s] [ 61%] Built target tcp_format__rosidl_typesupport_fastrtps_cpp
[0.897s] [35m[1mScanning dependencies of target tcp_format__rosidl_typesupport_fastrtps_c[0m
[0.906s] [ 64%] [32mBuilding CXX object CMakeFiles/tcp_format__rosidl_typesupport_fastrtps_c.dir/rosidl_typesupport_fastrtps_c/tcp_format/srv/detail/socket_format__type_support_c.cpp.o[0m
[1.157s] [ 67%] [32m[1mLinking CXX shared library libtcp_format__rosidl_typesupport_fastrtps_c.so[0m
[1.207s] [ 70%] Built target tcp_format__rosidl_typesupport_fastrtps_c
[1.221s] [ 70%] Built target tcp_format
[1.233s] [ 74%] Built target tcp_format__py
[1.240s] [35m[1mScanning dependencies of target tcp_format__python[0m
[1.250s] [ 77%] [32mBuilding C object CMakeFiles/tcp_format__python.dir/rosidl_generator_py/tcp_format/srv/_socket_format_s.c.o[0m
[1.329s] [ 80%] [32m[1mLinking C shared library rosidl_generator_py/tcp_format/libtcp_format__python.so[0m
[1.354s] [ 80%] Built target tcp_format__python
[1.360s] [35m[1mScanning dependencies of target tcp_format__rosidl_typesupport_c__pyext[0m
[1.360s] [35m[1mScanning dependencies of target tcp_format__rosidl_typesupport_introspection_c__pyext[0m
[1.361s] [35m[1mScanning dependencies of target tcp_format__rosidl_typesupport_fastrtps_c__pyext[0m
[1.370s] [ 90%] [32mBuilding C object CMakeFiles/tcp_format__rosidl_typesupport_c__pyext.dir/rosidl_generator_py/tcp_format/_tcp_format_s.ep.rosidl_typesupport_c.c.o[0m
[1.370s] [ 90%] [32mBuilding C object CMakeFiles/tcp_format__rosidl_typesupport_fastrtps_c__pyext.dir/rosidl_generator_py/tcp_format/_tcp_format_s.ep.rosidl_typesupport_fastrtps_c.c.o[0m
[1.370s] [ 90%] [32mBuilding C object CMakeFiles/tcp_format__rosidl_typesupport_introspection_c__pyext.dir/rosidl_generator_py/tcp_format/_tcp_format_s.ep.rosidl_typesupport_introspection_c.c.o[0m
[1.424s] [100%] [32m[1mLinking C shared library rosidl_generator_py/tcp_format/tcp_format_s__rosidl_typesupport_introspection_c.cpython-38-x86_64-linux-gnu.so[0m
[1.424s] [100%] [32m[1mLinking C shared library rosidl_generator_py/tcp_format/tcp_format_s__rosidl_typesupport_c.cpython-38-x86_64-linux-gnu.so[0m
[1.424s] [100%] [32m[1mLinking CXX shared library rosidl_generator_py/tcp_format/tcp_format_s__rosidl_typesupport_fastrtps_c.cpython-38-x86_64-linux-gnu.so[0m
[1.446s] [100%] Built target tcp_format__rosidl_typesupport_introspection_c__pyext
[1.446s] [100%] Built target tcp_format__rosidl_typesupport_c__pyext
[1.464s] [100%] Built target tcp_format__rosidl_typesupport_fastrtps_c__pyext
[1.472s] Invoked command in '/home/arc/Documents/ros2_tcp_client/build/tcp_format' returned '0': CMAKE_PREFIX_PATH=/opt/ros/foxy CONDA_PROMPT_MODIFIER=(base) /usr/bin/cmake --build /home/arc/Documents/ros2_tcp_client/build/tcp_format -- -j16 -l16
[1.506s] Invoking command in '/home/arc/Documents/ros2_tcp_client/build/tcp_format': CMAKE_PREFIX_PATH=/opt/ros/foxy CONDA_PROMPT_MODIFIER=(base) /usr/bin/cmake --install /home/arc/Documents/ros2_tcp_client/build/tcp_format
[1.513s] -- Install configuration: ""
[1.513s] -- Up-to-date: /home/arc/Documents/ros2_tcp_client/install/tcp_format/share/ament_index/resource_index/rosidl_interfaces/tcp_format
[1.513s] -- Up-to-date: /home/arc/Documents/ros2_tcp_client/install/tcp_format/include/tcp_format
[1.514s] -- Up-to-date: /home/arc/Documents/ros2_tcp_client/install/tcp_format/include/tcp_format/srv
[1.514s] -- Up-to-date: /home/arc/Documents/ros2_tcp_client/install/tcp_format/include/tcp_format/srv/detail
[1.514s] -- Installing: /home/arc/Documents/ros2_tcp_client/install/tcp_format/include/tcp_format/srv/detail/socket_format__functions.h
[1.514s] -- Installing: /home/arc/Documents/ros2_tcp_client/install/tcp_format/include/tcp_format/srv/detail/socket_format__struct.h
[1.514s] -- Installing: /home/arc/Documents/ros2_tcp_client/install/tcp_format/include/tcp_format/srv/detail/socket_format__functions.c
[1.514s] -- Installing: /home/arc/Documents/ros2_tcp_client/install/tcp_format/include/tcp_format/srv/detail/socket_format__type_support.h
[1.514s] -- Up-to-date: /home/arc/Documents/ros2_tcp_client/install/tcp_format/include/tcp_format/srv/socket_format.h
[1.514s] -- Up-to-date: /home/arc/Documents/ros2_tcp_client/install/tcp_format/include/tcp_format/msg
[1.514s] -- Up-to-date: /home/arc/Documents/ros2_tcp_client/install/tcp_format/include/tcp_format/msg/rosidl_generator_c__visibility_control.h
[1.514s] -- Installing: /home/arc/Documents/ros2_tcp_client/install/tcp_format/share/tcp_format/environment/library_path.sh
[1.514s] -- Installing: /home/arc/Documents/ros2_tcp_client/install/tcp_format/share/tcp_format/environment/library_path.dsv
[1.514s] -- Installing: /home/arc/Documents/ros2_tcp_client/install/tcp_format/lib/libtcp_format__rosidl_generator_c.so
[1.514s] -- Set runtime path of "/home/arc/Documents/ros2_tcp_client/install/tcp_format/lib/libtcp_format__rosidl_generator_c.so" to ""
[1.514s] -- Up-to-date: /home/arc/Documents/ros2_tcp_client/install/tcp_format/include/tcp_format
[1.514s] -- Up-to-date: /home/arc/Documents/ros2_tcp_client/install/tcp_format/include/tcp_format/srv
[1.514s] -- Up-to-date: /home/arc/Documents/ros2_tcp_client/install/tcp_format/include/tcp_format/srv/detail
[1.515s] -- Up-to-date: /home/arc/Documents/ros2_tcp_client/install/tcp_format/include/tcp_format/srv/detail/socket_format__rosidl_typesupport_fastrtps_c.h
[1.515s] -- Up-to-date: /home/arc/Documents/ros2_tcp_client/install/tcp_format/include/tcp_format/msg
[1.515s] -- Up-to-date: /home/arc/Documents/ros2_tcp_client/install/tcp_format/include/tcp_format/msg/rosidl_typesupport_fastrtps_c__visibility_control.h
[1.515s] -- Installing: /home/arc/Documents/ros2_tcp_client/install/tcp_format/lib/libtcp_format__rosidl_typesupport_fastrtps_c.so
[1.515s] -- Set runtime path of "/home/arc/Documents/ros2_tcp_client/install/tcp_format/lib/libtcp_format__rosidl_typesupport_fastrtps_c.so" to ""
[1.515s] -- Up-to-date: /home/arc/Documents/ros2_tcp_client/install/tcp_format/include/tcp_format
[1.515s] -- Up-to-date: /home/arc/Documents/ros2_tcp_client/install/tcp_format/include/tcp_format/srv
[1.515s] -- Up-to-date: /home/arc/Documents/ros2_tcp_client/install/tcp_format/include/tcp_format/srv/detail
[1.515s] -- Up-to-date: /home/arc/Documents/ros2_tcp_client/install/tcp_format/include/tcp_format/srv/detail/socket_format__rosidl_typesupport_fastrtps_cpp.hpp
[1.515s] -- Installing: /home/arc/Documents/ros2_tcp_client/install/tcp_format/include/tcp_format/srv/detail/dds_fastrtps
[1.515s] -- Up-to-date: /home/arc/Documents/ros2_tcp_client/install/tcp_format/include/tcp_format/msg
[1.515s] -- Up-to-date: /home/arc/Documents/ros2_tcp_client/install/tcp_format/include/tcp_format/msg/rosidl_typesupport_fastrtps_cpp__visibility_control.h
[1.515s] -- Installing: /home/arc/Documents/ros2_tcp_client/install/tcp_format/lib/libtcp_format__rosidl_typesupport_fastrtps_cpp.so
[1.516s] -- Set runtime path of "/home/arc/Documents/ros2_tcp_client/install/tcp_format/lib/libtcp_format__rosidl_typesupport_fastrtps_cpp.so" to ""
[1.516s] -- Up-to-date: /home/arc/Documents/ros2_tcp_client/install/tcp_format/include/tcp_format
[1.516s] -- Up-to-date: /home/arc/Documents/ros2_tcp_client/install/tcp_format/include/tcp_format/srv
[1.516s] -- Up-to-date: /home/arc/Documents/ros2_tcp_client/install/tcp_format/include/tcp_format/srv/detail
[1.516s] -- Up-to-date: /home/arc/Documents/ros2_tcp_client/install/tcp_format/include/tcp_format/srv/detail/socket_format__rosidl_typesupport_introspection_c.h
[1.516s] -- Up-to-date: /home/arc/Documents/ros2_tcp_client/install/tcp_format/include/tcp_format/srv/detail/socket_format__type_support.c
[1.516s] -- Up-to-date: /home/arc/Documents/ros2_tcp_client/install/tcp_format/include/tcp_format/msg
[1.516s] -- Up-to-date: /home/arc/Documents/ros2_tcp_client/install/tcp_format/include/tcp_format/msg/rosidl_typesupport_introspection_c__visibility_control.h
[1.516s] -- Installing: /home/arc/Documents/ros2_tcp_client/install/tcp_format/lib/libtcp_format__rosidl_typesupport_introspection_c.so
[1.516s] -- Set runtime path of "/home/arc/Documents/ros2_tcp_client/install/tcp_format/lib/libtcp_format__rosidl_typesupport_introspection_c.so" to ""
[1.516s] -- Installing: /home/arc/Documents/ros2_tcp_client/install/tcp_format/lib/libtcp_format__rosidl_typesupport_c.so
[1.516s] -- Set runtime path of "/home/arc/Documents/ros2_tcp_client/install/tcp_format/lib/libtcp_format__rosidl_typesupport_c.so" to ""
[1.516s] -- Up-to-date: /home/arc/Documents/ros2_tcp_client/install/tcp_format/include/tcp_format
[1.516s] -- Up-to-date: /home/arc/Documents/ros2_tcp_client/install/tcp_format/include/tcp_format/srv
[1.517s] -- Up-to-date: /home/arc/Documents/ros2_tcp_client/install/tcp_format/include/tcp_format/srv/detail
[1.517s] -- Up-to-date: /home/arc/Documents/ros2_tcp_client/install/tcp_format/include/tcp_format/srv/detail/socket_format__struct.hpp
[1.517s] -- Up-to-date: /home/arc/Documents/ros2_tcp_client/install/tcp_format/include/tcp_format/srv/detail/socket_format__builder.hpp
[1.517s] -- Up-to-date: /home/arc/Documents/ros2_tcp_client/install/tcp_format/include/tcp_format/srv/detail/socket_format__traits.hpp
[1.517s] -- Up-to-date: /home/arc/Documents/ros2_tcp_client/install/tcp_format/include/tcp_format/srv/socket_format.hpp
[1.517s] -- Up-to-date: /home/arc/Documents/ros2_tcp_client/install/tcp_format/include/tcp_format
[1.517s] -- Up-to-date: /home/arc/Documents/ros2_tcp_client/install/tcp_format/include/tcp_format/srv
[1.517s] -- Up-to-date: /home/arc/Documents/ros2_tcp_client/install/tcp_format/include/tcp_format/srv/detail
[1.517s] -- Up-to-date: /home/arc/Documents/ros2_tcp_client/install/tcp_format/include/tcp_format/srv/detail/socket_format__type_support.cpp
[1.517s] -- Up-to-date: /home/arc/Documents/ros2_tcp_client/install/tcp_format/include/tcp_format/srv/detail/socket_format__rosidl_typesupport_introspection_cpp.hpp
[1.517s] -- Installing: /home/arc/Documents/ros2_tcp_client/install/tcp_format/lib/libtcp_format__rosidl_typesupport_introspection_cpp.so
[1.517s] -- Set runtime path of "/home/arc/Documents/ros2_tcp_client/install/tcp_format/lib/libtcp_format__rosidl_typesupport_introspection_cpp.so" to ""
[1.517s] -- Installing: /home/arc/Documents/ros2_tcp_client/install/tcp_format/lib/libtcp_format__rosidl_typesupport_cpp.so
[1.517s] -- Set runtime path of "/home/arc/Documents/ros2_tcp_client/install/tcp_format/lib/libtcp_format__rosidl_typesupport_cpp.so" to ""
[1.517s] -- Up-to-date: /home/arc/Documents/ros2_tcp_client/install/tcp_format/share/tcp_format/environment/pythonpath.sh
[1.517s] -- Installing: /home/arc/Documents/ros2_tcp_client/install/tcp_format/share/tcp_format/environment/pythonpath.dsv
[1.517s] -- Installing: /home/arc/Documents/ros2_tcp_client/install/tcp_format/lib/python3.8/site-packages/tcp_format/__init__.py
[1.537s] Compiling '/home/arc/Documents/ros2_tcp_client/install/tcp_format/lib/python3.8/site-packages/tcp_format/__init__.py'...
[1.539s] -- Up-to-date: /home/arc/Documents/ros2_tcp_client/install/tcp_format/lib/python3.8/site-packages/tcp_format/srv
[1.539s] -- Up-to-date: /home/arc/Documents/ros2_tcp_client/install/tcp_format/lib/python3.8/site-packages/tcp_format/srv/__init__.py
[1.539s] -- Up-to-date: /home/arc/Documents/ros2_tcp_client/install/tcp_format/lib/python3.8/site-packages/tcp_format/srv/_socket_format.py
[1.539s] -- Up-to-date: /home/arc/Documents/ros2_tcp_client/install/tcp_format/lib/python3.8/site-packages/tcp_format/srv/_socket_format_s.c
[1.540s] -- Installing: /home/arc/Documents/ros2_tcp_client/install/tcp_format/lib/python3.8/site-packages/tcp_format/tcp_format_s__rosidl_typesupport_fastrtps_c.cpython-38-x86_64-linux-gnu.so
[1.540s] -- Set runtime path of "/home/arc/Documents/ros2_tcp_client/install/tcp_format/lib/python3.8/site-packages/tcp_format/tcp_format_s__rosidl_typesupport_fastrtps_c.cpython-38-x86_64-linux-gnu.so" to ""
[1.540s] -- Installing: /home/arc/Documents/ros2_tcp_client/install/tcp_format/lib/python3.8/site-packages/tcp_format/tcp_format_s__rosidl_typesupport_introspection_c.cpython-38-x86_64-linux-gnu.so
[1.540s] -- Set runtime path of "/home/arc/Documents/ros2_tcp_client/install/tcp_format/lib/python3.8/site-packages/tcp_format/tcp_format_s__rosidl_typesupport_introspection_c.cpython-38-x86_64-linux-gnu.so" to ""
[1.541s] -- Installing: /home/arc/Documents/ros2_tcp_client/install/tcp_format/lib/python3.8/site-packages/tcp_format/tcp_format_s__rosidl_typesupport_c.cpython-38-x86_64-linux-gnu.so
[1.541s] -- Set runtime path of "/home/arc/Documents/ros2_tcp_client/install/tcp_format/lib/python3.8/site-packages/tcp_format/tcp_format_s__rosidl_typesupport_c.cpython-38-x86_64-linux-gnu.so" to ""
[1.541s] -- Installing: /home/arc/Documents/ros2_tcp_client/install/tcp_format/lib/libtcp_format__python.so
[1.541s] -- Set runtime path of "/home/arc/Documents/ros2_tcp_client/install/tcp_format/lib/libtcp_format__python.so" to ""
[1.541s] -- Up-to-date: /home/arc/Documents/ros2_tcp_client/install/tcp_format/share/tcp_format/srv/SocketFormat.idl
[1.541s] -- Up-to-date: /home/arc/Documents/ros2_tcp_client/install/tcp_format/share/tcp_format/srv/SocketFormat.srv
[1.541s] -- Up-to-date: /home/arc/Documents/ros2_tcp_client/install/tcp_format/share/tcp_format/srv/SocketFormat_Request.msg
[1.542s] -- Up-to-date: /home/arc/Documents/ros2_tcp_client/install/tcp_format/share/tcp_format/srv/SocketFormat_Response.msg
[1.542s] -- Up-to-date: /home/arc/Documents/ros2_tcp_client/install/tcp_format/share/ament_index/resource_index/package_run_dependencies/tcp_format
[1.542s] -- Up-to-date: /home/arc/Documents/ros2_tcp_client/install/tcp_format/share/ament_index/resource_index/parent_prefix_path/tcp_format
[1.542s] -- Installing: /home/arc/Documents/ros2_tcp_client/install/tcp_format/share/tcp_format/environment/ament_prefix_path.sh
[1.542s] -- Installing: /home/arc/Documents/ros2_tcp_client/install/tcp_format/share/tcp_format/environment/ament_prefix_path.dsv
[1.542s] -- Installing: /home/arc/Documents/ros2_tcp_client/install/tcp_format/share/tcp_format/environment/path.sh
[1.542s] -- Installing: /home/arc/Documents/ros2_tcp_client/install/tcp_format/share/tcp_format/environment/path.dsv
[1.542s] -- Up-to-date: /home/arc/Documents/ros2_tcp_client/install/tcp_format/share/tcp_format/local_setup.bash
[1.542s] -- Up-to-date: /home/arc/Documents/ros2_tcp_client/install/tcp_format/share/tcp_format/local_setup.sh
[1.542s] -- Up-to-date: /home/arc/Documents/ros2_tcp_client/install/tcp_format/share/tcp_format/local_setup.zsh
[1.542s] -- Installing: /home/arc/Documents/ros2_tcp_client/install/tcp_format/share/tcp_format/local_setup.dsv
[1.542s] -- Installing: /home/arc/Documents/ros2_tcp_client/install/tcp_format/share/tcp_format/package.dsv
[1.542s] -- Up-to-date: /home/arc/Documents/ros2_tcp_client/install/tcp_format/share/ament_index/resource_index/packages/tcp_format
[1.542s] -- Up-to-date: /home/arc/Documents/ros2_tcp_client/install/tcp_format/share/tcp_format/cmake/tcp_format__rosidl_generator_cExport.cmake
[1.543s] -- Installing: /home/arc/Documents/ros2_tcp_client/install/tcp_format/share/tcp_format/cmake/tcp_format__rosidl_generator_cExport-noconfig.cmake
[1.543s] -- Up-to-date: /home/arc/Documents/ros2_tcp_client/install/tcp_format/share/tcp_format/cmake/tcp_format__rosidl_typesupport_introspection_cExport.cmake
[1.543s] -- Installing: /home/arc/Documents/ros2_tcp_client/install/tcp_format/share/tcp_format/cmake/tcp_format__rosidl_typesupport_introspection_cExport-noconfig.cmake
[1.543s] -- Up-to-date: /home/arc/Documents/ros2_tcp_client/install/tcp_format/share/tcp_format/cmake/tcp_format__rosidl_typesupport_cExport.cmake
[1.543s] -- Installing: /home/arc/Documents/ros2_tcp_client/install/tcp_format/share/tcp_format/cmake/tcp_format__rosidl_typesupport_cExport-noconfig.cmake
[1.543s] -- Up-to-date: /home/arc/Documents/ros2_tcp_client/install/tcp_format/share/tcp_format/cmake/tcp_format__rosidl_generator_cppExport.cmake
[1.543s] -- Up-to-date: /home/arc/Documents/ros2_tcp_client/install/tcp_format/share/tcp_format/cmake/tcp_format__rosidl_typesupport_introspection_cppExport.cmake
[1.543s] -- Installing: /home/arc/Documents/ros2_tcp_client/install/tcp_format/share/tcp_format/cmake/tcp_format__rosidl_typesupport_introspection_cppExport-noconfig.cmake
[1.544s] -- Up-to-date: /home/arc/Documents/ros2_tcp_client/install/tcp_format/share/tcp_format/cmake/tcp_format__rosidl_typesupport_cppExport.cmake
[1.544s] -- Installing: /home/arc/Documents/ros2_tcp_client/install/tcp_format/share/tcp_format/cmake/tcp_format__rosidl_typesupport_cppExport-noconfig.cmake
[1.544s] -- Up-to-date: /home/arc/Documents/ros2_tcp_client/install/tcp_format/share/tcp_format/cmake/rosidl_cmake-extras.cmake
[1.544s] -- Up-to-date: /home/arc/Documents/ros2_tcp_client/install/tcp_format/share/tcp_format/cmake/ament_cmake_export_dependencies-extras.cmake
[1.544s] -- Up-to-date: /home/arc/Documents/ros2_tcp_client/install/tcp_format/share/tcp_format/cmake/ament_cmake_export_libraries-extras.cmake
[1.544s] -- Up-to-date: /home/arc/Documents/ros2_tcp_client/install/tcp_format/share/tcp_format/cmake/ament_cmake_export_targets-extras.cmake
[1.544s] -- Up-to-date: /home/arc/Documents/ros2_tcp_client/install/tcp_format/share/tcp_format/cmake/ament_cmake_export_include_directories-extras.cmake
[1.544s] -- Up-to-date: /home/arc/Documents/ros2_tcp_client/install/tcp_format/share/tcp_format/cmake/rosidl_cmake_export_typesupport_libraries-extras.cmake
[1.544s] -- Up-to-date: /home/arc/Documents/ros2_tcp_client/install/tcp_format/share/tcp_format/cmake/rosidl_cmake_export_typesupport_targets-extras.cmake
[1.544s] -- Up-to-date: /home/arc/Documents/ros2_tcp_client/install/tcp_format/share/tcp_format/cmake/tcp_formatConfig.cmake
[1.544s] -- Up-to-date: /home/arc/Documents/ros2_tcp_client/install/tcp_format/share/tcp_format/cmake/tcp_formatConfig-version.cmake
[1.544s] -- Up-to-date: /home/arc/Documents/ros2_tcp_client/install/tcp_format/share/tcp_format/package.xml
[1.546s] Invoked command in '/home/arc/Documents/ros2_tcp_client/build/tcp_format' returned '0': CMAKE_PREFIX_PATH=/opt/ros/foxy CONDA_PROMPT_MODIFIER=(base) /usr/bin/cmake --install /home/arc/Documents/ros2_tcp_client/build/tcp_format
