[0.010s] Invoking command in '/home/arc/Documents/ros2_tcp_client/build/tcp_services': CMAKE_PREFIX_PATH=/home/arc/Documents/ros2_tcp_client/install/tcp_format:/home/arc/Documents/ros2_tcp_client/install/tcp_services:/opt/ros/foxy CONDA_PROMPT_MODIFIER=(base) /usr/bin/cmake --build /home/arc/Documents/ros2_tcp_client/build/tcp_services -- -j16 -l16
[0.038s] [35m[1mScanning dependencies of target server[0m
[0.050s] [ 50%] Built target client
[0.055s] [ 75%] [32mBuilding CXX object CMakeFiles/server.dir/src/tcp_client.cpp.o[0m
[1.442s] [100%] [32m[1mLinking CXX executable server[0m
[1.518s] [100%] Built target server
[1.524s] Invoked command in '/home/arc/Documents/ros2_tcp_client/build/tcp_services' returned '0': CMAKE_PREFIX_PATH=/home/arc/Documents/ros2_tcp_client/install/tcp_format:/home/arc/Documents/ros2_tcp_client/install/tcp_services:/opt/ros/foxy CONDA_PROMPT_MODIFIER=(base) /usr/bin/cmake --build /home/arc/Documents/ros2_tcp_client/build/tcp_services -- -j16 -l16
[1.541s] Invoking command in '/home/arc/Documents/ros2_tcp_client/build/tcp_services': CMAKE_PREFIX_PATH=/home/arc/Documents/ros2_tcp_client/install/tcp_format:/home/arc/Documents/ros2_tcp_client/install/tcp_services:/opt/ros/foxy CONDA_PROMPT_MODIFIER=(base) /usr/bin/cmake --install /home/arc/Documents/ros2_tcp_client/build/tcp_services
[1.546s] -- Install configuration: ""
[1.546s] -- Installing: /home/arc/Documents/ros2_tcp_client/install/tcp_services/lib/tcp_services/server
[1.547s] -- Set runtime path of "/home/arc/Documents/ros2_tcp_client/install/tcp_services/lib/tcp_services/server" to ""
[1.547s] -- Up-to-date: /home/arc/Documents/ros2_tcp_client/install/tcp_services/lib/tcp_services/client
[1.547s] -- Up-to-date: /home/arc/Documents/ros2_tcp_client/install/tcp_services/share/ament_index/resource_index/package_run_dependencies/tcp_services
[1.547s] -- Up-to-date: /home/arc/Documents/ros2_tcp_client/install/tcp_services/share/ament_index/resource_index/parent_prefix_path/tcp_services
[1.547s] -- Up-to-date: /home/arc/Documents/ros2_tcp_client/install/tcp_services/share/tcp_services/environment/ament_prefix_path.sh
[1.547s] -- Up-to-date: /home/arc/Documents/ros2_tcp_client/install/tcp_services/share/tcp_services/environment/ament_prefix_path.dsv
[1.548s] -- Up-to-date: /home/arc/Documents/ros2_tcp_client/install/tcp_services/share/tcp_services/environment/path.sh
[1.548s] -- Up-to-date: /home/arc/Documents/ros2_tcp_client/install/tcp_services/share/tcp_services/environment/path.dsv
[1.548s] -- Up-to-date: /home/arc/Documents/ros2_tcp_client/install/tcp_services/share/tcp_services/local_setup.bash
[1.548s] -- Up-to-date: /home/arc/Documents/ros2_tcp_client/install/tcp_services/share/tcp_services/local_setup.sh
[1.548s] -- Up-to-date: /home/arc/Documents/ros2_tcp_client/install/tcp_services/share/tcp_services/local_setup.zsh
[1.548s] -- Up-to-date: /home/arc/Documents/ros2_tcp_client/install/tcp_services/share/tcp_services/local_setup.dsv
[1.548s] -- Installing: /home/arc/Documents/ros2_tcp_client/install/tcp_services/share/tcp_services/package.dsv
[1.548s] -- Up-to-date: /home/arc/Documents/ros2_tcp_client/install/tcp_services/share/ament_index/resource_index/packages/tcp_services
[1.548s] -- Up-to-date: /home/arc/Documents/ros2_tcp_client/install/tcp_services/share/tcp_services/cmake/tcp_servicesConfig.cmake
[1.548s] -- Up-to-date: /home/arc/Documents/ros2_tcp_client/install/tcp_services/share/tcp_services/cmake/tcp_servicesConfig-version.cmake
[1.548s] -- Up-to-date: /home/arc/Documents/ros2_tcp_client/install/tcp_services/share/tcp_services/package.xml
[1.551s] Invoked command in '/home/arc/Documents/ros2_tcp_client/build/tcp_services' returned '0': CMAKE_PREFIX_PATH=/home/arc/Documents/ros2_tcp_client/install/tcp_format:/home/arc/Documents/ros2_tcp_client/install/tcp_services:/opt/ros/foxy CONDA_PROMPT_MODIFIER=(base) /usr/bin/cmake --install /home/arc/Documents/ros2_tcp_client/build/tcp_services
