[0.011s] Invoking command in '/home/arc/Documents/ros2_tcp_client/build/tcp_format': CMAKE_PREFIX_PATH=/opt/ros/foxy /usr/bin/cmake /home/arc/Documents/ros2_tcp_client/src/tcp_format -DCMAKE_INSTALL_PREFIX=/home/arc/Documents/ros2_tcp_client/install/tcp_format
[0.052s] -- The C compiler identification is GNU 9.4.0
[0.086s] -- The CXX compiler identification is GNU 9.4.0
[0.088s] -- Check for working C compiler: /usr/bin/cc
[0.133s] -- Check for working C compiler: /usr/bin/cc -- works
[0.133s] -- Detecting C compiler ABI info
[0.177s] -- Detecting C compiler ABI info - done
[0.186s] -- Detecting C compile features
[0.186s] -- Detecting C compile features - done
[0.188s] -- Check for working CXX compiler: /usr/bin/c++
[0.240s] -- Check for working CXX compiler: /usr/bin/c++ -- works
[0.241s] -- Detecting CXX compiler ABI info
[0.293s] -- Detecting CXX compiler ABI info - done
[0.303s] -- Detecting CXX compile features
[0.303s] -- Detecting CXX compile features - done
[0.305s] -- Found ament_cmake: 0.9.9 (/opt/ros/foxy/share/ament_cmake/cmake)
[0.321s] -- Found PythonInterp: /usr/bin/python3 (found suitable version "3.8.10", minimum required is "3") 
[0.321s] -- Using PYTHON_EXECUTABLE: /usr/bin/python3
[0.450s] -- Found rosidl_default_generators: 1.0.1 (/opt/ros/foxy/share/rosidl_default_generators/cmake)
[0.452s] -- Using all available rosidl_typesupport_c: rosidl_typesupport_fastrtps_c;rosidl_typesupport_introspection_c
[0.456s] -- Found rosidl_adapter: 1.2.1 (/opt/ros/foxy/share/rosidl_adapter/cmake)
[0.513s] -- Found OpenSSL: /usr/lib/x86_64-linux-gnu/libcrypto.so (found version "1.1.1f")  
[0.532s] -- Found FastRTPS: /opt/ros/foxy/include  
[0.584s] -- Using all available rosidl_typesupport_cpp: rosidl_typesupport_fastrtps_cpp;rosidl_typesupport_introspection_cpp
[0.616s] -- Found PythonInterp: /usr/bin/python3 (found version "3.8.10") 
[0.696s] -- Found ament_cmake_ros: 0.9.2 (/opt/ros/foxy/share/ament_cmake_ros/cmake)
[0.757s] -- Using all available rosidl_typesupport_c: rosidl_typesupport_fastrtps_c;rosidl_typesupport_introspection_c
[0.762s] -- Using all available rosidl_typesupport_cpp: rosidl_typesupport_fastrtps_cpp;rosidl_typesupport_introspection_cpp
[0.777s] -- Found PythonInterp: /usr/bin/python3 (found suitable version "3.8.10", minimum required is "3.5") 
[0.777s] -- Found python_cmake_module: 0.8.1 (/opt/ros/foxy/share/python_cmake_module/cmake)
[0.794s] -- Found PythonLibs: /usr/lib/x86_64-linux-gnu/libpython3.8.so (found suitable version "3.8.10", minimum required is "3.5") 
[0.794s] -- Using PYTHON_EXECUTABLE: /usr/bin/python3
[0.794s] -- Using PYTHON_INCLUDE_DIRS: /usr/include/python3.8
[0.794s] -- Using PYTHON_LIBRARIES: /usr/lib/x86_64-linux-gnu/libpython3.8.so
[0.808s] -- Found PythonExtra: .so  
[0.835s] -- Found ament_lint_auto: 0.9.6 (/opt/ros/foxy/share/ament_lint_auto/cmake)
[0.847s] -- Added test 'copyright' to check source files copyright and LICENSE
[0.848s] -- Added test 'lint_cmake' to check CMake code style
[0.849s] -- Added test 'xmllint' to check XML markup files
[0.852s] -- Configuring done
[0.870s] -- Generating done
[0.871s] -- Build files have been written to: /home/arc/Documents/ros2_tcp_client/build/tcp_format
[0.876s] Invoked command in '/home/arc/Documents/ros2_tcp_client/build/tcp_format' returned '0': CMAKE_PREFIX_PATH=/opt/ros/foxy /usr/bin/cmake /home/arc/Documents/ros2_tcp_client/src/tcp_format -DCMAKE_INSTALL_PREFIX=/home/arc/Documents/ros2_tcp_client/install/tcp_format
[0.878s] Invoking command in '/home/arc/Documents/ros2_tcp_client/build/tcp_format': CMAKE_PREFIX_PATH=/opt/ros/foxy /usr/bin/cmake --build /home/arc/Documents/ros2_tcp_client/build/tcp_format -- -j16 -l16
[0.903s] [  3%] [34m[1mGenerating C code for ROS interfaces[0m
[0.903s] [35m[1mScanning dependencies of target tcp_format__cpp[0m
[0.911s] [  6%] [34m[1mGenerating C++ code for ROS interfaces[0m
[1.070s] [35m[1mScanning dependencies of target tcp_format__rosidl_generator_c[0m
[1.077s] [  9%] [32mBuilding C object CMakeFiles/tcp_format__rosidl_generator_c.dir/rosidl_generator_c/tcp_format/srv/detail/socket_format__functions.c.o[0m
[1.101s] [  9%] Built target tcp_format__cpp
[1.106s] [ 12%] [32m[1mLinking C shared library libtcp_format__rosidl_generator_c.so[0m
[1.108s] [ 16%] [34m[1mGenerating C++ type support for eProsima Fast-RTPS[0m
[1.108s] [ 22%] [34m[1mGenerating C++ introspection for ROS interfaces[0m
[1.108s] [ 22%] [34m[1mGenerating C++ type support dispatch for ROS interfaces[0m
[1.129s] [ 22%] Built target tcp_format__rosidl_generator_c
[1.136s] [ 29%] [34m[1mGenerating C type support dispatch for ROS interfaces[0m
[1.136s] [ 29%] [34m[1mGenerating C introspection for ROS interfaces[0m
[1.253s] [35m[1mScanning dependencies of target tcp_format__rosidl_typesupport_cpp[0m
[1.261s] [ 32%] [32mBuilding CXX object CMakeFiles/tcp_format__rosidl_typesupport_cpp.dir/rosidl_typesupport_cpp/tcp_format/srv/socket_format__type_support.cpp.o[0m
[1.273s] [35m[1mScanning dependencies of target tcp_format__rosidl_typesupport_fastrtps_cpp[0m
[1.275s] [35m[1mScanning dependencies of target tcp_format__rosidl_typesupport_c[0m
[1.283s] [ 35%] [32mBuilding CXX object CMakeFiles/tcp_format__rosidl_typesupport_c.dir/rosidl_typesupport_c/tcp_format/srv/socket_format__type_support.cpp.o[0m
[1.283s] [ 38%] [32mBuilding CXX object CMakeFiles/tcp_format__rosidl_typesupport_fastrtps_cpp.dir/rosidl_typesupport_fastrtps_cpp/tcp_format/srv/detail/dds_fastrtps/socket_format__type_support.cpp.o[0m
[1.288s] [35m[1mScanning dependencies of target tcp_format__rosidl_typesupport_introspection_cpp[0m
[1.296s] [ 41%] [32mBuilding CXX object CMakeFiles/tcp_format__rosidl_typesupport_introspection_cpp.dir/rosidl_typesupport_introspection_cpp/tcp_format/srv/detail/socket_format__type_support.cpp.o[0m
[1.296s] [35m[1mScanning dependencies of target tcp_format__rosidl_typesupport_introspection_c[0m
[1.304s] [ 48%] [32m[1mLinking CXX shared library libtcp_format__rosidl_typesupport_c.so[0m
[1.304s] [ 48%] [32mBuilding C object CMakeFiles/tcp_format__rosidl_typesupport_introspection_c.dir/rosidl_typesupport_introspection_c/tcp_format/srv/detail/socket_format__type_support.c.o[0m
[1.328s] [ 51%] [32m[1mLinking C shared library libtcp_format__rosidl_typesupport_introspection_c.so[0m
[1.331s] [ 51%] Built target tcp_format__rosidl_typesupport_c
[1.347s] [ 51%] Built target tcp_format__rosidl_typesupport_introspection_c
[1.463s] [ 54%] [32m[1mLinking CXX shared library libtcp_format__rosidl_typesupport_cpp.so[0m
[1.488s] [ 54%] Built target tcp_format__rosidl_typesupport_cpp
[1.498s] [ 58%] [32m[1mLinking CXX shared library libtcp_format__rosidl_typesupport_introspection_cpp.so[0m
[1.538s] [ 58%] Built target tcp_format__rosidl_typesupport_introspection_cpp
[1.577s] [ 61%] [32m[1mLinking CXX shared library libtcp_format__rosidl_typesupport_fastrtps_cpp.so[0m
[1.630s] [ 61%] Built target tcp_format__rosidl_typesupport_fastrtps_cpp
[1.636s] [ 64%] [34m[1mGenerating C type support for eProsima Fast-RTPS[0m
[1.796s] [35m[1mScanning dependencies of target tcp_format__rosidl_typesupport_fastrtps_c[0m
[1.806s] [ 67%] [32mBuilding CXX object CMakeFiles/tcp_format__rosidl_typesupport_fastrtps_c.dir/rosidl_typesupport_fastrtps_c/tcp_format/srv/detail/socket_format__type_support_c.cpp.o[0m
[2.056s] [ 70%] [32m[1mLinking CXX shared library libtcp_format__rosidl_typesupport_fastrtps_c.so[0m
[2.105s] [ 70%] Built target tcp_format__rosidl_typesupport_fastrtps_c
[2.112s] [35m[1mScanning dependencies of target tcp_format[0m
[2.119s] [ 70%] Built target tcp_format
[2.125s] [35m[1mScanning dependencies of target tcp_format__py[0m
[2.132s] [ 74%] [34m[1mGenerating Python code for ROS interfaces[0m
[2.424s] [ 74%] Built target tcp_format__py
[2.430s] [35m[1mScanning dependencies of target tcp_format__python[0m
[2.442s] [ 77%] [32mBuilding C object CMakeFiles/tcp_format__python.dir/rosidl_generator_py/tcp_format/srv/_socket_format_s.c.o[0m
[2.504s] [ 80%] [32m[1mLinking C shared library rosidl_generator_py/tcp_format/libtcp_format__python.so[0m
[2.531s] [ 80%] Built target tcp_format__python
[2.538s] [35m[1mScanning dependencies of target tcp_format__rosidl_typesupport_fastrtps_c__pyext[0m
[2.538s] [35m[1mScanning dependencies of target tcp_format__rosidl_typesupport_c__pyext[0m
[2.538s] [35m[1mScanning dependencies of target tcp_format__rosidl_typesupport_introspection_c__pyext[0m
[2.548s] [ 90%] [32mBuilding C object CMakeFiles/tcp_format__rosidl_typesupport_fastrtps_c__pyext.dir/rosidl_generator_py/tcp_format/_tcp_format_s.ep.rosidl_typesupport_fastrtps_c.c.o[0m
[2.549s] [ 90%] [32mBuilding C object CMakeFiles/tcp_format__rosidl_typesupport_introspection_c__pyext.dir/rosidl_generator_py/tcp_format/_tcp_format_s.ep.rosidl_typesupport_introspection_c.c.o[0m
[2.549s] [ 90%] [32mBuilding C object CMakeFiles/tcp_format__rosidl_typesupport_c__pyext.dir/rosidl_generator_py/tcp_format/_tcp_format_s.ep.rosidl_typesupport_c.c.o[0m
[2.601s] [ 96%] [32m[1mLinking C shared library rosidl_generator_py/tcp_format/tcp_format_s__rosidl_typesupport_c.cpython-38-x86_64-linux-gnu.so[0m
[2.601s] [ 96%] [32m[1mLinking C shared library rosidl_generator_py/tcp_format/tcp_format_s__rosidl_typesupport_introspection_c.cpython-38-x86_64-linux-gnu.so[0m
[2.602s] [100%] [32m[1mLinking CXX shared library rosidl_generator_py/tcp_format/tcp_format_s__rosidl_typesupport_fastrtps_c.cpython-38-x86_64-linux-gnu.so[0m
[2.624s] [100%] Built target tcp_format__rosidl_typesupport_introspection_c__pyext
[2.624s] [100%] Built target tcp_format__rosidl_typesupport_c__pyext
[2.643s] [100%] Built target tcp_format__rosidl_typesupport_fastrtps_c__pyext
[2.651s] Invoked command in '/home/arc/Documents/ros2_tcp_client/build/tcp_format' returned '0': CMAKE_PREFIX_PATH=/opt/ros/foxy /usr/bin/cmake --build /home/arc/Documents/ros2_tcp_client/build/tcp_format -- -j16 -l16
[2.682s] Invoking command in '/home/arc/Documents/ros2_tcp_client/build/tcp_format': CMAKE_PREFIX_PATH=/opt/ros/foxy /usr/bin/cmake --install /home/arc/Documents/ros2_tcp_client/build/tcp_format
[2.687s] -- Install configuration: ""
[2.687s] -- Installing: /home/arc/Documents/ros2_tcp_client/install/tcp_format/share/ament_index/resource_index/rosidl_interfaces/tcp_format
[2.687s] -- Installing: /home/arc/Documents/ros2_tcp_client/install/tcp_format/include/tcp_format
[2.687s] -- Installing: /home/arc/Documents/ros2_tcp_client/install/tcp_format/include/tcp_format/srv
[2.687s] -- Installing: /home/arc/Documents/ros2_tcp_client/install/tcp_format/include/tcp_format/srv/detail
[2.687s] -- Installing: /home/arc/Documents/ros2_tcp_client/install/tcp_format/include/tcp_format/srv/detail/socket_format__functions.h
[2.687s] -- Installing: /home/arc/Documents/ros2_tcp_client/install/tcp_format/include/tcp_format/srv/detail/socket_format__struct.h
[2.687s] -- Installing: /home/arc/Documents/ros2_tcp_client/install/tcp_format/include/tcp_format/srv/detail/socket_format__functions.c
[2.687s] -- Installing: /home/arc/Documents/ros2_tcp_client/install/tcp_format/include/tcp_format/srv/detail/socket_format__type_support.h
[2.687s] -- Installing: /home/arc/Documents/ros2_tcp_client/install/tcp_format/include/tcp_format/srv/socket_format.h
[2.687s] -- Installing: /home/arc/Documents/ros2_tcp_client/install/tcp_format/include/tcp_format/msg
[2.687s] -- Installing: /home/arc/Documents/ros2_tcp_client/install/tcp_format/include/tcp_format/msg/rosidl_generator_c__visibility_control.h
[2.687s] -- Installing: /home/arc/Documents/ros2_tcp_client/install/tcp_format/share/tcp_format/environment/library_path.sh
[2.688s] -- Installing: /home/arc/Documents/ros2_tcp_client/install/tcp_format/share/tcp_format/environment/library_path.dsv
[2.688s] -- Installing: /home/arc/Documents/ros2_tcp_client/install/tcp_format/lib/libtcp_format__rosidl_generator_c.so
[2.688s] -- Set runtime path of "/home/arc/Documents/ros2_tcp_client/install/tcp_format/lib/libtcp_format__rosidl_generator_c.so" to ""
[2.688s] -- Up-to-date: /home/arc/Documents/ros2_tcp_client/install/tcp_format/include/tcp_format
[2.688s] -- Up-to-date: /home/arc/Documents/ros2_tcp_client/install/tcp_format/include/tcp_format/srv
[2.688s] -- Up-to-date: /home/arc/Documents/ros2_tcp_client/install/tcp_format/include/tcp_format/srv/detail
[2.688s] -- Installing: /home/arc/Documents/ros2_tcp_client/install/tcp_format/include/tcp_format/srv/detail/socket_format__rosidl_typesupport_fastrtps_c.h
[2.688s] -- Up-to-date: /home/arc/Documents/ros2_tcp_client/install/tcp_format/include/tcp_format/msg
[2.688s] -- Installing: /home/arc/Documents/ros2_tcp_client/install/tcp_format/include/tcp_format/msg/rosidl_typesupport_fastrtps_c__visibility_control.h
[2.688s] -- Installing: /home/arc/Documents/ros2_tcp_client/install/tcp_format/lib/libtcp_format__rosidl_typesupport_fastrtps_c.so
[2.688s] -- Set runtime path of "/home/arc/Documents/ros2_tcp_client/install/tcp_format/lib/libtcp_format__rosidl_typesupport_fastrtps_c.so" to ""
[2.688s] -- Up-to-date: /home/arc/Documents/ros2_tcp_client/install/tcp_format/include/tcp_format
[2.689s] -- Up-to-date: /home/arc/Documents/ros2_tcp_client/install/tcp_format/include/tcp_format/srv
[2.689s] -- Up-to-date: /home/arc/Documents/ros2_tcp_client/install/tcp_format/include/tcp_format/srv/detail
[2.689s] -- Installing: /home/arc/Documents/ros2_tcp_client/install/tcp_format/include/tcp_format/srv/detail/socket_format__rosidl_typesupport_fastrtps_cpp.hpp
[2.689s] -- Installing: /home/arc/Documents/ros2_tcp_client/install/tcp_format/include/tcp_format/srv/detail/dds_fastrtps
[2.689s] -- Up-to-date: /home/arc/Documents/ros2_tcp_client/install/tcp_format/include/tcp_format/msg
[2.689s] -- Installing: /home/arc/Documents/ros2_tcp_client/install/tcp_format/include/tcp_format/msg/rosidl_typesupport_fastrtps_cpp__visibility_control.h
[2.689s] -- Installing: /home/arc/Documents/ros2_tcp_client/install/tcp_format/lib/libtcp_format__rosidl_typesupport_fastrtps_cpp.so
[2.689s] -- Set runtime path of "/home/arc/Documents/ros2_tcp_client/install/tcp_format/lib/libtcp_format__rosidl_typesupport_fastrtps_cpp.so" to ""
[2.689s] -- Up-to-date: /home/arc/Documents/ros2_tcp_client/install/tcp_format/include/tcp_format
[2.689s] -- Up-to-date: /home/arc/Documents/ros2_tcp_client/install/tcp_format/include/tcp_format/srv
[2.689s] -- Up-to-date: /home/arc/Documents/ros2_tcp_client/install/tcp_format/include/tcp_format/srv/detail
[2.689s] -- Installing: /home/arc/Documents/ros2_tcp_client/install/tcp_format/include/tcp_format/srv/detail/socket_format__rosidl_typesupport_introspection_c.h
[2.689s] -- Installing: /home/arc/Documents/ros2_tcp_client/install/tcp_format/include/tcp_format/srv/detail/socket_format__type_support.c
[2.689s] -- Up-to-date: /home/arc/Documents/ros2_tcp_client/install/tcp_format/include/tcp_format/msg
[2.689s] -- Installing: /home/arc/Documents/ros2_tcp_client/install/tcp_format/include/tcp_format/msg/rosidl_typesupport_introspection_c__visibility_control.h
[2.689s] -- Installing: /home/arc/Documents/ros2_tcp_client/install/tcp_format/lib/libtcp_format__rosidl_typesupport_introspection_c.so
[2.690s] -- Set runtime path of "/home/arc/Documents/ros2_tcp_client/install/tcp_format/lib/libtcp_format__rosidl_typesupport_introspection_c.so" to ""
[2.690s] -- Installing: /home/arc/Documents/ros2_tcp_client/install/tcp_format/lib/libtcp_format__rosidl_typesupport_c.so
[2.690s] -- Set runtime path of "/home/arc/Documents/ros2_tcp_client/install/tcp_format/lib/libtcp_format__rosidl_typesupport_c.so" to ""
[2.690s] -- Up-to-date: /home/arc/Documents/ros2_tcp_client/install/tcp_format/include/tcp_format
[2.690s] -- Up-to-date: /home/arc/Documents/ros2_tcp_client/install/tcp_format/include/tcp_format/srv
[2.690s] -- Up-to-date: /home/arc/Documents/ros2_tcp_client/install/tcp_format/include/tcp_format/srv/detail
[2.690s] -- Installing: /home/arc/Documents/ros2_tcp_client/install/tcp_format/include/tcp_format/srv/detail/socket_format__struct.hpp
[2.690s] -- Installing: /home/arc/Documents/ros2_tcp_client/install/tcp_format/include/tcp_format/srv/detail/socket_format__builder.hpp
[2.690s] -- Installing: /home/arc/Documents/ros2_tcp_client/install/tcp_format/include/tcp_format/srv/detail/socket_format__traits.hpp
[2.690s] -- Installing: /home/arc/Documents/ros2_tcp_client/install/tcp_format/include/tcp_format/srv/socket_format.hpp
[2.690s] -- Up-to-date: /home/arc/Documents/ros2_tcp_client/install/tcp_format/include/tcp_format
[2.690s] -- Up-to-date: /home/arc/Documents/ros2_tcp_client/install/tcp_format/include/tcp_format/srv
[2.690s] -- Up-to-date: /home/arc/Documents/ros2_tcp_client/install/tcp_format/include/tcp_format/srv/detail
[2.690s] -- Installing: /home/arc/Documents/ros2_tcp_client/install/tcp_format/include/tcp_format/srv/detail/socket_format__type_support.cpp
[2.690s] -- Installing: /home/arc/Documents/ros2_tcp_client/install/tcp_format/include/tcp_format/srv/detail/socket_format__rosidl_typesupport_introspection_cpp.hpp
[2.690s] -- Installing: /home/arc/Documents/ros2_tcp_client/install/tcp_format/lib/libtcp_format__rosidl_typesupport_introspection_cpp.so
[2.691s] -- Set runtime path of "/home/arc/Documents/ros2_tcp_client/install/tcp_format/lib/libtcp_format__rosidl_typesupport_introspection_cpp.so" to ""
[2.691s] -- Installing: /home/arc/Documents/ros2_tcp_client/install/tcp_format/lib/libtcp_format__rosidl_typesupport_cpp.so
[2.691s] -- Set runtime path of "/home/arc/Documents/ros2_tcp_client/install/tcp_format/lib/libtcp_format__rosidl_typesupport_cpp.so" to ""
[2.691s] -- Installing: /home/arc/Documents/ros2_tcp_client/install/tcp_format/share/tcp_format/environment/pythonpath.sh
[2.691s] -- Installing: /home/arc/Documents/ros2_tcp_client/install/tcp_format/share/tcp_format/environment/pythonpath.dsv
[2.691s] -- Installing: /home/arc/Documents/ros2_tcp_client/install/tcp_format/lib/python3.8/site-packages/tcp_format/__init__.py
[2.711s] Compiling '/home/arc/Documents/ros2_tcp_client/install/tcp_format/lib/python3.8/site-packages/tcp_format/__init__.py'...
[2.713s] -- Installing: /home/arc/Documents/ros2_tcp_client/install/tcp_format/lib/python3.8/site-packages/tcp_format/srv
[2.714s] -- Installing: /home/arc/Documents/ros2_tcp_client/install/tcp_format/lib/python3.8/site-packages/tcp_format/srv/__init__.py
[2.714s] -- Installing: /home/arc/Documents/ros2_tcp_client/install/tcp_format/lib/python3.8/site-packages/tcp_format/srv/_socket_format.py
[2.714s] -- Installing: /home/arc/Documents/ros2_tcp_client/install/tcp_format/lib/python3.8/site-packages/tcp_format/srv/_socket_format_s.c
[2.714s] -- Installing: /home/arc/Documents/ros2_tcp_client/install/tcp_format/lib/python3.8/site-packages/tcp_format/tcp_format_s__rosidl_typesupport_fastrtps_c.cpython-38-x86_64-linux-gnu.so
[2.714s] -- Set runtime path of "/home/arc/Documents/ros2_tcp_client/install/tcp_format/lib/python3.8/site-packages/tcp_format/tcp_format_s__rosidl_typesupport_fastrtps_c.cpython-38-x86_64-linux-gnu.so" to ""
[2.714s] -- Installing: /home/arc/Documents/ros2_tcp_client/install/tcp_format/lib/python3.8/site-packages/tcp_format/tcp_format_s__rosidl_typesupport_introspection_c.cpython-38-x86_64-linux-gnu.so
[2.714s] -- Set runtime path of "/home/arc/Documents/ros2_tcp_client/install/tcp_format/lib/python3.8/site-packages/tcp_format/tcp_format_s__rosidl_typesupport_introspection_c.cpython-38-x86_64-linux-gnu.so" to ""
[2.715s] -- Installing: /home/arc/Documents/ros2_tcp_client/install/tcp_format/lib/python3.8/site-packages/tcp_format/tcp_format_s__rosidl_typesupport_c.cpython-38-x86_64-linux-gnu.so
[2.715s] -- Set runtime path of "/home/arc/Documents/ros2_tcp_client/install/tcp_format/lib/python3.8/site-packages/tcp_format/tcp_format_s__rosidl_typesupport_c.cpython-38-x86_64-linux-gnu.so" to ""
[2.715s] -- Installing: /home/arc/Documents/ros2_tcp_client/install/tcp_format/lib/libtcp_format__python.so
[2.715s] -- Set runtime path of "/home/arc/Documents/ros2_tcp_client/install/tcp_format/lib/libtcp_format__python.so" to ""
[2.715s] -- Installing: /home/arc/Documents/ros2_tcp_client/install/tcp_format/share/tcp_format/srv/SocketFormat.idl
[2.715s] -- Installing: /home/arc/Documents/ros2_tcp_client/install/tcp_format/share/tcp_format/srv/SocketFormat.srv
[2.715s] -- Installing: /home/arc/Documents/ros2_tcp_client/install/tcp_format/share/tcp_format/srv/SocketFormat_Request.msg
[2.715s] -- Installing: /home/arc/Documents/ros2_tcp_client/install/tcp_format/share/tcp_format/srv/SocketFormat_Response.msg
[2.716s] -- Installing: /home/arc/Documents/ros2_tcp_client/install/tcp_format/share/ament_index/resource_index/package_run_dependencies/tcp_format
[2.716s] -- Installing: /home/arc/Documents/ros2_tcp_client/install/tcp_format/share/ament_index/resource_index/parent_prefix_path/tcp_format
[2.716s] -- Installing: /home/arc/Documents/ros2_tcp_client/install/tcp_format/share/tcp_format/environment/ament_prefix_path.sh
[2.716s] -- Installing: /home/arc/Documents/ros2_tcp_client/install/tcp_format/share/tcp_format/environment/ament_prefix_path.dsv
[2.716s] -- Installing: /home/arc/Documents/ros2_tcp_client/install/tcp_format/share/tcp_format/environment/path.sh
[2.716s] -- Installing: /home/arc/Documents/ros2_tcp_client/install/tcp_format/share/tcp_format/environment/path.dsv
[2.716s] -- Installing: /home/arc/Documents/ros2_tcp_client/install/tcp_format/share/tcp_format/local_setup.bash
[2.716s] -- Installing: /home/arc/Documents/ros2_tcp_client/install/tcp_format/share/tcp_format/local_setup.sh
[2.716s] -- Installing: /home/arc/Documents/ros2_tcp_client/install/tcp_format/share/tcp_format/local_setup.zsh
[2.716s] -- Installing: /home/arc/Documents/ros2_tcp_client/install/tcp_format/share/tcp_format/local_setup.dsv
[2.716s] -- Installing: /home/arc/Documents/ros2_tcp_client/install/tcp_format/share/tcp_format/package.dsv
[2.716s] -- Installing: /home/arc/Documents/ros2_tcp_client/install/tcp_format/share/ament_index/resource_index/packages/tcp_format
[2.717s] -- Installing: /home/arc/Documents/ros2_tcp_client/install/tcp_format/share/tcp_format/cmake/tcp_format__rosidl_generator_cExport.cmake
[2.717s] -- Installing: /home/arc/Documents/ros2_tcp_client/install/tcp_format/share/tcp_format/cmake/tcp_format__rosidl_generator_cExport-noconfig.cmake
[2.717s] -- Installing: /home/arc/Documents/ros2_tcp_client/install/tcp_format/share/tcp_format/cmake/tcp_format__rosidl_typesupport_introspection_cExport.cmake
[2.717s] -- Installing: /home/arc/Documents/ros2_tcp_client/install/tcp_format/share/tcp_format/cmake/tcp_format__rosidl_typesupport_introspection_cExport-noconfig.cmake
[2.717s] -- Installing: /home/arc/Documents/ros2_tcp_client/install/tcp_format/share/tcp_format/cmake/tcp_format__rosidl_typesupport_cExport.cmake
[2.717s] -- Installing: /home/arc/Documents/ros2_tcp_client/install/tcp_format/share/tcp_format/cmake/tcp_format__rosidl_typesupport_cExport-noconfig.cmake
[2.717s] -- Installing: /home/arc/Documents/ros2_tcp_client/install/tcp_format/share/tcp_format/cmake/tcp_format__rosidl_generator_cppExport.cmake
[2.717s] -- Installing: /home/arc/Documents/ros2_tcp_client/install/tcp_format/share/tcp_format/cmake/tcp_format__rosidl_typesupport_introspection_cppExport.cmake
[2.717s] -- Installing: /home/arc/Documents/ros2_tcp_client/install/tcp_format/share/tcp_format/cmake/tcp_format__rosidl_typesupport_introspection_cppExport-noconfig.cmake
[2.718s] -- Installing: /home/arc/Documents/ros2_tcp_client/install/tcp_format/share/tcp_format/cmake/tcp_format__rosidl_typesupport_cppExport.cmake
[2.718s] -- Installing: /home/arc/Documents/ros2_tcp_client/install/tcp_format/share/tcp_format/cmake/tcp_format__rosidl_typesupport_cppExport-noconfig.cmake
[2.718s] -- Installing: /home/arc/Documents/ros2_tcp_client/install/tcp_format/share/tcp_format/cmake/rosidl_cmake-extras.cmake
[2.718s] -- Installing: /home/arc/Documents/ros2_tcp_client/install/tcp_format/share/tcp_format/cmake/ament_cmake_export_dependencies-extras.cmake
[2.718s] -- Installing: /home/arc/Documents/ros2_tcp_client/install/tcp_format/share/tcp_format/cmake/ament_cmake_export_libraries-extras.cmake
[2.718s] -- Installing: /home/arc/Documents/ros2_tcp_client/install/tcp_format/share/tcp_format/cmake/ament_cmake_export_targets-extras.cmake
[2.718s] -- Installing: /home/arc/Documents/ros2_tcp_client/install/tcp_format/share/tcp_format/cmake/ament_cmake_export_include_directories-extras.cmake
[2.718s] -- Installing: /home/arc/Documents/ros2_tcp_client/install/tcp_format/share/tcp_format/cmake/rosidl_cmake_export_typesupport_libraries-extras.cmake
[2.718s] -- Installing: /home/arc/Documents/ros2_tcp_client/install/tcp_format/share/tcp_format/cmake/rosidl_cmake_export_typesupport_targets-extras.cmake
[2.718s] -- Installing: /home/arc/Documents/ros2_tcp_client/install/tcp_format/share/tcp_format/cmake/tcp_formatConfig.cmake
[2.718s] -- Installing: /home/arc/Documents/ros2_tcp_client/install/tcp_format/share/tcp_format/cmake/tcp_formatConfig-version.cmake
[2.718s] -- Installing: /home/arc/Documents/ros2_tcp_client/install/tcp_format/share/tcp_format/package.xml
[2.720s] Invoked command in '/home/arc/Documents/ros2_tcp_client/build/tcp_format' returned '0': CMAKE_PREFIX_PATH=/opt/ros/foxy /usr/bin/cmake --install /home/arc/Documents/ros2_tcp_client/build/tcp_format
