[0.101s] DEBUG:colcon:Command line arguments: ['/usr/bin/colcon', 'build']
[0.101s] DEBUG:colcon:Parsed command line arguments: Namespace(allow_overriding=[], ament_cmake_args=None, base_paths=['.'], build_base='build', catkin_cmake_args=None, catkin_skip_building_tests=False, cmake_args=None, cmake_clean_cache=False, cmake_clean_first=False, cmake_force_configure=False, cmake_target=None, cmake_target_skip_unavailable=False, continue_on_error=False, event_handlers=None, executor='parallel', ignore_user_meta=False, install_base='install', log_base=None, log_level=None, main=<bound method BuildVerb.main of <colcon_core.verb.build.BuildVerb object at 0x7f1ddd6dcaf0>>, merge_install=False, metas=['./colcon.meta'], packages_above=None, packages_above_and_dependencies=None, packages_above_depth=None, packages_end=None, packages_ignore=None, packages_ignore_regex=None, packages_select=None, packages_select_build_failed=False, packages_select_by_dep=None, packages_select_regex=None, packages_select_test_failures=False, packages_skip=None, packages_skip_build_finished=False, packages_skip_by_dep=None, packages_skip_regex=None, packages_skip_test_passed=False, packages_skip_up_to=None, packages_start=None, packages_up_to=None, packages_up_to_regex=None, parallel_workers=16, paths=None, symlink_install=False, test_result_base=None, verb_extension=<colcon_core.verb.build.BuildVerb object at 0x7f1ddd6dcaf0>, verb_name='build', verb_parser=<colcon_defaults.argument_parser.defaults.DefaultArgumentsDecorator object at 0x7f1ddd6e90a0>)
[0.117s] Level 1:colcon.colcon_core.package_discovery:discover_packages(colcon_meta) check parameters
[0.118s] Level 1:colcon.colcon_core.package_discovery:discover_packages(recursive) check parameters
[0.118s] Level 1:colcon.colcon_core.package_discovery:discover_packages(ignore) check parameters
[0.118s] Level 1:colcon.colcon_core.package_discovery:discover_packages(path) check parameters
[0.118s] Level 1:colcon.colcon_core.package_discovery:discover_packages(colcon_meta) discover
[0.118s] Level 1:colcon.colcon_core.package_discovery:discover_packages(recursive) discover
[0.118s] INFO:colcon.colcon_core.package_discovery:Crawling recursively for packages in '/home/arc/Documents/ros2_tcp_client'
[0.118s] Level 1:colcon.colcon_core.package_identification:_identify(.) by extensions ['ignore', 'ignore_ament_install']
[0.118s] Level 1:colcon.colcon_core.package_identification:_identify(.) by extension 'ignore'
[0.118s] Level 1:colcon.colcon_core.package_identification:_identify(.) by extension 'ignore_ament_install'
[0.118s] Level 1:colcon.colcon_core.package_identification:_identify(.) by extensions ['colcon_pkg']
[0.118s] Level 1:colcon.colcon_core.package_identification:_identify(.) by extension 'colcon_pkg'
[0.118s] Level 1:colcon.colcon_core.package_identification:_identify(.) by extensions ['colcon_meta']
[0.118s] Level 1:colcon.colcon_core.package_identification:_identify(.) by extension 'colcon_meta'
[0.118s] Level 1:colcon.colcon_core.package_identification:_identify(.) by extensions ['ros']
[0.118s] Level 1:colcon.colcon_core.package_identification:_identify(.) by extension 'ros'
[0.126s] Level 1:colcon.colcon_core.package_identification:_identify(.) by extensions ['cmake', 'python']
[0.126s] Level 1:colcon.colcon_core.package_identification:_identify(.) by extension 'cmake'
[0.126s] Level 1:colcon.colcon_core.package_identification:_identify(.) by extension 'python'
[0.126s] Level 1:colcon.colcon_core.package_identification:_identify(.) by extensions ['python_setup_py']
[0.126s] Level 1:colcon.colcon_core.package_identification:_identify(.) by extension 'python_setup_py'
[0.126s] Level 1:colcon.colcon_core.package_identification:_identify(build) by extensions ['ignore', 'ignore_ament_install']
[0.126s] Level 1:colcon.colcon_core.package_identification:_identify(build) by extension 'ignore'
[0.126s] Level 1:colcon.colcon_core.package_identification:_identify(build) ignored
[0.126s] Level 1:colcon.colcon_core.package_identification:_identify(install) by extensions ['ignore', 'ignore_ament_install']
[0.126s] Level 1:colcon.colcon_core.package_identification:_identify(install) by extension 'ignore'
[0.126s] Level 1:colcon.colcon_core.package_identification:_identify(install) ignored
[0.126s] Level 1:colcon.colcon_core.package_identification:_identify(log) by extensions ['ignore', 'ignore_ament_install']
[0.126s] Level 1:colcon.colcon_core.package_identification:_identify(log) by extension 'ignore'
[0.126s] Level 1:colcon.colcon_core.package_identification:_identify(log) ignored
[0.126s] Level 1:colcon.colcon_core.package_identification:_identify(src) by extensions ['ignore', 'ignore_ament_install']
[0.126s] Level 1:colcon.colcon_core.package_identification:_identify(src) by extension 'ignore'
[0.127s] Level 1:colcon.colcon_core.package_identification:_identify(src) by extension 'ignore_ament_install'
[0.127s] Level 1:colcon.colcon_core.package_identification:_identify(src) by extensions ['colcon_pkg']
[0.127s] Level 1:colcon.colcon_core.package_identification:_identify(src) by extension 'colcon_pkg'
[0.127s] Level 1:colcon.colcon_core.package_identification:_identify(src) by extensions ['colcon_meta']
[0.127s] Level 1:colcon.colcon_core.package_identification:_identify(src) by extension 'colcon_meta'
[0.127s] Level 1:colcon.colcon_core.package_identification:_identify(src) by extensions ['ros']
[0.127s] Level 1:colcon.colcon_core.package_identification:_identify(src) by extension 'ros'
[0.127s] Level 1:colcon.colcon_core.package_identification:_identify(src) by extensions ['cmake', 'python']
[0.127s] Level 1:colcon.colcon_core.package_identification:_identify(src) by extension 'cmake'
[0.127s] Level 1:colcon.colcon_core.package_identification:_identify(src) by extension 'python'
[0.127s] Level 1:colcon.colcon_core.package_identification:_identify(src) by extensions ['python_setup_py']
[0.127s] Level 1:colcon.colcon_core.package_identification:_identify(src) by extension 'python_setup_py'
[0.127s] Level 1:colcon.colcon_core.package_identification:_identify(src/tcp_format) by extensions ['ignore', 'ignore_ament_install']
[0.127s] Level 1:colcon.colcon_core.package_identification:_identify(src/tcp_format) by extension 'ignore'
[0.127s] Level 1:colcon.colcon_core.package_identification:_identify(src/tcp_format) by extension 'ignore_ament_install'
[0.127s] Level 1:colcon.colcon_core.package_identification:_identify(src/tcp_format) by extensions ['colcon_pkg']
[0.127s] Level 1:colcon.colcon_core.package_identification:_identify(src/tcp_format) by extension 'colcon_pkg'
[0.127s] Level 1:colcon.colcon_core.package_identification:_identify(src/tcp_format) by extensions ['colcon_meta']
[0.127s] Level 1:colcon.colcon_core.package_identification:_identify(src/tcp_format) by extension 'colcon_meta'
[0.127s] Level 1:colcon.colcon_core.package_identification:_identify(src/tcp_format) by extensions ['ros']
[0.127s] Level 1:colcon.colcon_core.package_identification:_identify(src/tcp_format) by extension 'ros'
[0.129s] DEBUG:colcon.colcon_core.package_identification:Package 'src/tcp_format' with type 'ros.ament_cmake' and name 'tcp_format'
[0.129s] Level 1:colcon.colcon_core.package_identification:_identify(src/tcp_services) by extensions ['ignore', 'ignore_ament_install']
[0.129s] Level 1:colcon.colcon_core.package_identification:_identify(src/tcp_services) by extension 'ignore'
[0.129s] Level 1:colcon.colcon_core.package_identification:_identify(src/tcp_services) by extension 'ignore_ament_install'
[0.129s] Level 1:colcon.colcon_core.package_identification:_identify(src/tcp_services) by extensions ['colcon_pkg']
[0.129s] Level 1:colcon.colcon_core.package_identification:_identify(src/tcp_services) by extension 'colcon_pkg'
[0.129s] Level 1:colcon.colcon_core.package_identification:_identify(src/tcp_services) by extensions ['colcon_meta']
[0.129s] Level 1:colcon.colcon_core.package_identification:_identify(src/tcp_services) by extension 'colcon_meta'
[0.129s] Level 1:colcon.colcon_core.package_identification:_identify(src/tcp_services) by extensions ['ros']
[0.129s] Level 1:colcon.colcon_core.package_identification:_identify(src/tcp_services) by extension 'ros'
[0.130s] DEBUG:colcon.colcon_core.package_identification:Package 'src/tcp_services' with type 'ros.ament_cmake' and name 'tcp_services'
[0.130s] Level 1:colcon.colcon_core.package_discovery:discover_packages(recursive) using defaults
[0.130s] Level 1:colcon.colcon_core.package_discovery:discover_packages(ignore) discover
[0.130s] Level 1:colcon.colcon_core.package_discovery:discover_packages(ignore) using defaults
[0.130s] Level 1:colcon.colcon_core.package_discovery:discover_packages(path) discover
[0.130s] Level 1:colcon.colcon_core.package_discovery:discover_packages(path) using defaults
[0.149s] Level 1:colcon.colcon_core.package_discovery:discover_packages(prefix_path) check parameters
[0.149s] Level 1:colcon.colcon_core.package_discovery:discover_packages(prefix_path) discover
[0.151s] DEBUG:colcon.colcon_installed_package_information.package_discovery:Found 256 installed packages in /opt/ros/foxy
[0.152s] Level 1:colcon.colcon_core.package_discovery:discover_packages(prefix_path) using defaults
[0.200s] Level 5:colcon.colcon_core.verb:set package 'tcp_format' build argument 'cmake_args' from command line to 'None'
[0.200s] Level 5:colcon.colcon_core.verb:set package 'tcp_format' build argument 'cmake_target' from command line to 'None'
[0.200s] Level 5:colcon.colcon_core.verb:set package 'tcp_format' build argument 'cmake_target_skip_unavailable' from command line to 'False'
[0.200s] Level 5:colcon.colcon_core.verb:set package 'tcp_format' build argument 'cmake_clean_cache' from command line to 'False'
[0.200s] Level 5:colcon.colcon_core.verb:set package 'tcp_format' build argument 'cmake_clean_first' from command line to 'False'
[0.200s] Level 5:colcon.colcon_core.verb:set package 'tcp_format' build argument 'cmake_force_configure' from command line to 'False'
[0.200s] Level 5:colcon.colcon_core.verb:set package 'tcp_format' build argument 'ament_cmake_args' from command line to 'None'
[0.200s] Level 5:colcon.colcon_core.verb:set package 'tcp_format' build argument 'catkin_cmake_args' from command line to 'None'
[0.200s] Level 5:colcon.colcon_core.verb:set package 'tcp_format' build argument 'catkin_skip_building_tests' from command line to 'False'
[0.200s] DEBUG:colcon.colcon_core.verb:Building package 'tcp_format' with the following arguments: {'ament_cmake_args': None, 'build_base': '/home/arc/Documents/ros2_tcp_client/build/tcp_format', 'catkin_cmake_args': None, 'catkin_skip_building_tests': False, 'cmake_args': None, 'cmake_clean_cache': False, 'cmake_clean_first': False, 'cmake_force_configure': False, 'cmake_target': None, 'cmake_target_skip_unavailable': False, 'install_base': '/home/arc/Documents/ros2_tcp_client/install/tcp_format', 'merge_install': False, 'path': '/home/arc/Documents/ros2_tcp_client/src/tcp_format', 'symlink_install': False, 'test_result_base': None}
[0.201s] Level 5:colcon.colcon_core.verb:set package 'tcp_services' build argument 'cmake_args' from command line to 'None'
[0.201s] Level 5:colcon.colcon_core.verb:set package 'tcp_services' build argument 'cmake_target' from command line to 'None'
[0.201s] Level 5:colcon.colcon_core.verb:set package 'tcp_services' build argument 'cmake_target_skip_unavailable' from command line to 'False'
[0.201s] Level 5:colcon.colcon_core.verb:set package 'tcp_services' build argument 'cmake_clean_cache' from command line to 'False'
[0.201s] Level 5:colcon.colcon_core.verb:set package 'tcp_services' build argument 'cmake_clean_first' from command line to 'False'
[0.201s] Level 5:colcon.colcon_core.verb:set package 'tcp_services' build argument 'cmake_force_configure' from command line to 'False'
[0.201s] Level 5:colcon.colcon_core.verb:set package 'tcp_services' build argument 'ament_cmake_args' from command line to 'None'
[0.201s] Level 5:colcon.colcon_core.verb:set package 'tcp_services' build argument 'catkin_cmake_args' from command line to 'None'
[0.201s] Level 5:colcon.colcon_core.verb:set package 'tcp_services' build argument 'catkin_skip_building_tests' from command line to 'False'
[0.201s] DEBUG:colcon.colcon_core.verb:Building package 'tcp_services' with the following arguments: {'ament_cmake_args': None, 'build_base': '/home/arc/Documents/ros2_tcp_client/build/tcp_services', 'catkin_cmake_args': None, 'catkin_skip_building_tests': False, 'cmake_args': None, 'cmake_clean_cache': False, 'cmake_clean_first': False, 'cmake_force_configure': False, 'cmake_target': None, 'cmake_target_skip_unavailable': False, 'install_base': '/home/arc/Documents/ros2_tcp_client/install/tcp_services', 'merge_install': False, 'path': '/home/arc/Documents/ros2_tcp_client/src/tcp_services', 'symlink_install': False, 'test_result_base': None}
[0.201s] INFO:colcon.colcon_core.executor:Executing jobs using 'parallel' executor
[0.204s] DEBUG:colcon.colcon_parallel_executor.executor.parallel:run_until_complete
[0.204s] INFO:colcon.colcon_ros.task.ament_cmake.build:Building ROS package in '/home/arc/Documents/ros2_tcp_client/src/tcp_format' with build type 'ament_cmake'
[0.204s] INFO:colcon.colcon_cmake.task.cmake.build:Building CMake package in '/home/arc/Documents/ros2_tcp_client/src/tcp_format'
[0.207s] INFO:colcon.colcon_core.plugin_system:Skipping extension 'colcon_core.shell.bat': Not used on non-Windows systems
[0.208s] INFO:colcon.colcon_core.shell:Skip shell extension 'powershell' for command environment: Not usable outside of PowerShell
[0.208s] DEBUG:colcon.colcon_core.shell:Skip shell extension 'dsv' for command environment
[0.216s] DEBUG:colcon.colcon_core.event_handler.log_command:Invoking command in '/home/arc/Documents/ros2_tcp_client/build/tcp_format': CMAKE_PREFIX_PATH=/opt/ros/foxy /usr/bin/cmake --build /home/arc/Documents/ros2_tcp_client/build/tcp_format -- -j16 -l16
[0.366s] DEBUG:colcon.colcon_core.event_handler.log_command:Invoked command in '/home/arc/Documents/ros2_tcp_client/build/tcp_format' returned '0': CMAKE_PREFIX_PATH=/opt/ros/foxy /usr/bin/cmake --build /home/arc/Documents/ros2_tcp_client/build/tcp_format -- -j16 -l16
[0.399s] DEBUG:colcon.colcon_core.event_handler.log_command:Invoking command in '/home/arc/Documents/ros2_tcp_client/build/tcp_format': CMAKE_PREFIX_PATH=/opt/ros/foxy /usr/bin/cmake --install /home/arc/Documents/ros2_tcp_client/build/tcp_format
[0.433s] Level 1:colcon.colcon_core.environment:create_environment_scripts_only(tcp_format)
[0.434s] DEBUG:colcon.colcon_core.event_handler.log_command:Invoked command in '/home/arc/Documents/ros2_tcp_client/build/tcp_format' returned '0': CMAKE_PREFIX_PATH=/opt/ros/foxy /usr/bin/cmake --install /home/arc/Documents/ros2_tcp_client/build/tcp_format
[0.437s] Level 1:colcon.colcon_core.environment:checking '/home/arc/Documents/ros2_tcp_client/install/tcp_format' for CMake module files
[0.437s] Level 1:colcon.colcon_core.environment:checking '/home/arc/Documents/ros2_tcp_client/install/tcp_format' for CMake config files
[0.437s] Level 1:colcon.colcon_core.shell:create_environment_hook('tcp_format', 'cmake_prefix_path')
[0.438s] INFO:colcon.colcon_core.shell:Creating environment hook '/home/arc/Documents/ros2_tcp_client/install/tcp_format/share/tcp_format/hook/cmake_prefix_path.ps1'
[0.439s] INFO:colcon.colcon_core.shell:Creating environment descriptor '/home/arc/Documents/ros2_tcp_client/install/tcp_format/share/tcp_format/hook/cmake_prefix_path.dsv'
[0.439s] INFO:colcon.colcon_core.shell:Creating environment hook '/home/arc/Documents/ros2_tcp_client/install/tcp_format/share/tcp_format/hook/cmake_prefix_path.sh'
[0.440s] Level 1:colcon.colcon_core.environment:checking '/home/arc/Documents/ros2_tcp_client/install/tcp_format/lib'
[0.440s] Level 1:colcon.colcon_core.shell:create_environment_hook('tcp_format', 'ld_library_path_lib')
[0.441s] INFO:colcon.colcon_core.shell:Creating environment hook '/home/arc/Documents/ros2_tcp_client/install/tcp_format/share/tcp_format/hook/ld_library_path_lib.ps1'
[0.441s] INFO:colcon.colcon_core.shell:Creating environment descriptor '/home/arc/Documents/ros2_tcp_client/install/tcp_format/share/tcp_format/hook/ld_library_path_lib.dsv'
[0.441s] INFO:colcon.colcon_core.shell:Creating environment hook '/home/arc/Documents/ros2_tcp_client/install/tcp_format/share/tcp_format/hook/ld_library_path_lib.sh'
[0.442s] Level 1:colcon.colcon_core.environment:checking '/home/arc/Documents/ros2_tcp_client/install/tcp_format/bin'
[0.442s] Level 1:colcon.colcon_core.environment:checking '/home/arc/Documents/ros2_tcp_client/install/tcp_format/lib/pkgconfig/tcp_format.pc'
[0.442s] Level 1:colcon.colcon_core.environment:checking '/home/arc/Documents/ros2_tcp_client/install/tcp_format/lib/python3.8/site-packages'
[0.442s] Level 1:colcon.colcon_core.shell:create_environment_hook('tcp_format', 'pythonpath')
[0.443s] INFO:colcon.colcon_core.shell:Creating environment hook '/home/arc/Documents/ros2_tcp_client/install/tcp_format/share/tcp_format/hook/pythonpath.ps1'
[0.443s] INFO:colcon.colcon_core.shell:Creating environment descriptor '/home/arc/Documents/ros2_tcp_client/install/tcp_format/share/tcp_format/hook/pythonpath.dsv'
[0.443s] INFO:colcon.colcon_core.shell:Creating environment hook '/home/arc/Documents/ros2_tcp_client/install/tcp_format/share/tcp_format/hook/pythonpath.sh'
[0.443s] Level 1:colcon.colcon_core.environment:checking '/home/arc/Documents/ros2_tcp_client/install/tcp_format/bin'
[0.444s] INFO:colcon.colcon_core.shell:Creating package script '/home/arc/Documents/ros2_tcp_client/install/tcp_format/share/tcp_format/package.ps1'
[0.445s] INFO:colcon.colcon_core.shell:Creating package descriptor '/home/arc/Documents/ros2_tcp_client/install/tcp_format/share/tcp_format/package.dsv'
[0.445s] INFO:colcon.colcon_core.shell:Creating package script '/home/arc/Documents/ros2_tcp_client/install/tcp_format/share/tcp_format/package.sh'
[0.446s] INFO:colcon.colcon_core.shell:Creating package script '/home/arc/Documents/ros2_tcp_client/install/tcp_format/share/tcp_format/package.bash'
[0.446s] INFO:colcon.colcon_core.shell:Creating package script '/home/arc/Documents/ros2_tcp_client/install/tcp_format/share/tcp_format/package.zsh'
[0.447s] Level 1:colcon.colcon_core.environment:create_file_with_runtime_dependencies(/home/arc/Documents/ros2_tcp_client/install/tcp_format/share/colcon-core/packages/tcp_format)
[0.474s] Level 1:colcon.colcon_core.environment:create_environment_scripts_only(tcp_format)
[0.475s] Level 1:colcon.colcon_core.environment:checking '/home/arc/Documents/ros2_tcp_client/install/tcp_format' for CMake module files
[0.476s] Level 1:colcon.colcon_core.environment:checking '/home/arc/Documents/ros2_tcp_client/install/tcp_format' for CMake config files
[0.476s] Level 1:colcon.colcon_core.shell:create_environment_hook('tcp_format', 'cmake_prefix_path')
[0.477s] INFO:colcon.colcon_core.shell:Creating environment hook '/home/arc/Documents/ros2_tcp_client/install/tcp_format/share/tcp_format/hook/cmake_prefix_path.ps1'
[0.477s] INFO:colcon.colcon_core.shell:Creating environment descriptor '/home/arc/Documents/ros2_tcp_client/install/tcp_format/share/tcp_format/hook/cmake_prefix_path.dsv'
[0.477s] INFO:colcon.colcon_core.shell:Creating environment hook '/home/arc/Documents/ros2_tcp_client/install/tcp_format/share/tcp_format/hook/cmake_prefix_path.sh'
[0.478s] Level 1:colcon.colcon_core.environment:checking '/home/arc/Documents/ros2_tcp_client/install/tcp_format/lib'
[0.478s] Level 1:colcon.colcon_core.shell:create_environment_hook('tcp_format', 'ld_library_path_lib')
[0.479s] INFO:colcon.colcon_core.shell:Creating environment hook '/home/arc/Documents/ros2_tcp_client/install/tcp_format/share/tcp_format/hook/ld_library_path_lib.ps1'
[0.479s] INFO:colcon.colcon_core.shell:Creating environment descriptor '/home/arc/Documents/ros2_tcp_client/install/tcp_format/share/tcp_format/hook/ld_library_path_lib.dsv'
[0.479s] INFO:colcon.colcon_core.shell:Creating environment hook '/home/arc/Documents/ros2_tcp_client/install/tcp_format/share/tcp_format/hook/ld_library_path_lib.sh'
[0.479s] Level 1:colcon.colcon_core.environment:checking '/home/arc/Documents/ros2_tcp_client/install/tcp_format/bin'
[0.479s] Level 1:colcon.colcon_core.environment:checking '/home/arc/Documents/ros2_tcp_client/install/tcp_format/lib/pkgconfig/tcp_format.pc'
[0.480s] Level 1:colcon.colcon_core.environment:checking '/home/arc/Documents/ros2_tcp_client/install/tcp_format/lib/python3.8/site-packages'
[0.480s] Level 1:colcon.colcon_core.shell:create_environment_hook('tcp_format', 'pythonpath')
[0.481s] INFO:colcon.colcon_core.shell:Creating environment hook '/home/arc/Documents/ros2_tcp_client/install/tcp_format/share/tcp_format/hook/pythonpath.ps1'
[0.481s] INFO:colcon.colcon_core.shell:Creating environment descriptor '/home/arc/Documents/ros2_tcp_client/install/tcp_format/share/tcp_format/hook/pythonpath.dsv'
[0.481s] INFO:colcon.colcon_core.shell:Creating environment hook '/home/arc/Documents/ros2_tcp_client/install/tcp_format/share/tcp_format/hook/pythonpath.sh'
[0.481s] Level 1:colcon.colcon_core.environment:checking '/home/arc/Documents/ros2_tcp_client/install/tcp_format/bin'
[0.482s] INFO:colcon.colcon_core.shell:Creating package script '/home/arc/Documents/ros2_tcp_client/install/tcp_format/share/tcp_format/package.ps1'
[0.483s] INFO:colcon.colcon_core.shell:Creating package descriptor '/home/arc/Documents/ros2_tcp_client/install/tcp_format/share/tcp_format/package.dsv'
[0.483s] INFO:colcon.colcon_core.shell:Creating package script '/home/arc/Documents/ros2_tcp_client/install/tcp_format/share/tcp_format/package.sh'
[0.483s] INFO:colcon.colcon_core.shell:Creating package script '/home/arc/Documents/ros2_tcp_client/install/tcp_format/share/tcp_format/package.bash'
[0.484s] INFO:colcon.colcon_core.shell:Creating package script '/home/arc/Documents/ros2_tcp_client/install/tcp_format/share/tcp_format/package.zsh'
[0.484s] Level 1:colcon.colcon_core.environment:create_file_with_runtime_dependencies(/home/arc/Documents/ros2_tcp_client/install/tcp_format/share/colcon-core/packages/tcp_format)
[0.484s] INFO:colcon.colcon_ros.task.ament_cmake.build:Building ROS package in '/home/arc/Documents/ros2_tcp_client/src/tcp_services' with build type 'ament_cmake'
[0.484s] INFO:colcon.colcon_cmake.task.cmake.build:Building CMake package in '/home/arc/Documents/ros2_tcp_client/src/tcp_services'
[0.485s] INFO:colcon.colcon_core.shell:Skip shell extension 'powershell' for command environment: Not usable outside of PowerShell
[0.485s] DEBUG:colcon.colcon_core.shell:Skip shell extension 'dsv' for command environment
[0.493s] DEBUG:colcon.colcon_core.event_handler.log_command:Invoking command in '/home/arc/Documents/ros2_tcp_client/build/tcp_services': AMENT_PREFIX_PATH=/home/arc/Documents/ros2_tcp_client/install/tcp_format:${AMENT_PREFIX_PATH} CMAKE_PREFIX_PATH=/home/arc/Documents/ros2_tcp_client/install/tcp_format:/opt/ros/foxy LD_LIBRARY_PATH=/home/arc/Documents/ros2_tcp_client/install/tcp_format/lib:${LD_LIBRARY_PATH} PYTHONPATH=/home/arc/Documents/ros2_tcp_client/install/tcp_format/lib/python3.8/site-packages:${PYTHONPATH} /usr/bin/cmake --build /home/arc/Documents/ros2_tcp_client/build/tcp_services -- -j16 -l16
[2.055s] DEBUG:colcon.colcon_core.event_handler.log_command:Invoked command in '/home/arc/Documents/ros2_tcp_client/build/tcp_services' returned '0': AMENT_PREFIX_PATH=/home/arc/Documents/ros2_tcp_client/install/tcp_format:${AMENT_PREFIX_PATH} CMAKE_PREFIX_PATH=/home/arc/Documents/ros2_tcp_client/install/tcp_format:/opt/ros/foxy LD_LIBRARY_PATH=/home/arc/Documents/ros2_tcp_client/install/tcp_format/lib:${LD_LIBRARY_PATH} PYTHONPATH=/home/arc/Documents/ros2_tcp_client/install/tcp_format/lib/python3.8/site-packages:${PYTHONPATH} /usr/bin/cmake --build /home/arc/Documents/ros2_tcp_client/build/tcp_services -- -j16 -l16
[2.069s] DEBUG:colcon.colcon_core.event_handler.log_command:Invoking command in '/home/arc/Documents/ros2_tcp_client/build/tcp_services': AMENT_PREFIX_PATH=/home/arc/Documents/ros2_tcp_client/install/tcp_format:${AMENT_PREFIX_PATH} CMAKE_PREFIX_PATH=/home/arc/Documents/ros2_tcp_client/install/tcp_format:/opt/ros/foxy LD_LIBRARY_PATH=/home/arc/Documents/ros2_tcp_client/install/tcp_format/lib:${LD_LIBRARY_PATH} PYTHONPATH=/home/arc/Documents/ros2_tcp_client/install/tcp_format/lib/python3.8/site-packages:${PYTHONPATH} /usr/bin/cmake --install /home/arc/Documents/ros2_tcp_client/build/tcp_services
[2.076s] Level 1:colcon.colcon_core.environment:create_environment_scripts_only(tcp_services)
[2.078s] Level 1:colcon.colcon_core.environment:checking '/home/arc/Documents/ros2_tcp_client/install/tcp_services' for CMake module files
[2.078s] DEBUG:colcon.colcon_core.event_handler.log_command:Invoked command in '/home/arc/Documents/ros2_tcp_client/build/tcp_services' returned '0': AMENT_PREFIX_PATH=/home/arc/Documents/ros2_tcp_client/install/tcp_format:${AMENT_PREFIX_PATH} CMAKE_PREFIX_PATH=/home/arc/Documents/ros2_tcp_client/install/tcp_format:/opt/ros/foxy LD_LIBRARY_PATH=/home/arc/Documents/ros2_tcp_client/install/tcp_format/lib:${LD_LIBRARY_PATH} PYTHONPATH=/home/arc/Documents/ros2_tcp_client/install/tcp_format/lib/python3.8/site-packages:${PYTHONPATH} /usr/bin/cmake --install /home/arc/Documents/ros2_tcp_client/build/tcp_services
[2.079s] Level 1:colcon.colcon_core.environment:checking '/home/arc/Documents/ros2_tcp_client/install/tcp_services' for CMake config files
[2.079s] Level 1:colcon.colcon_core.shell:create_environment_hook('tcp_services', 'cmake_prefix_path')
[2.080s] INFO:colcon.colcon_core.shell:Creating environment hook '/home/arc/Documents/ros2_tcp_client/install/tcp_services/share/tcp_services/hook/cmake_prefix_path.ps1'
[2.080s] INFO:colcon.colcon_core.shell:Creating environment descriptor '/home/arc/Documents/ros2_tcp_client/install/tcp_services/share/tcp_services/hook/cmake_prefix_path.dsv'
[2.080s] INFO:colcon.colcon_core.shell:Creating environment hook '/home/arc/Documents/ros2_tcp_client/install/tcp_services/share/tcp_services/hook/cmake_prefix_path.sh'
[2.081s] Level 1:colcon.colcon_core.environment:checking '/home/arc/Documents/ros2_tcp_client/install/tcp_services/lib'
[2.081s] Level 1:colcon.colcon_core.environment:checking '/home/arc/Documents/ros2_tcp_client/install/tcp_services/bin'
[2.081s] Level 1:colcon.colcon_core.environment:checking '/home/arc/Documents/ros2_tcp_client/install/tcp_services/lib/pkgconfig/tcp_services.pc'
[2.081s] Level 1:colcon.colcon_core.environment:checking '/home/arc/Documents/ros2_tcp_client/install/tcp_services/lib/python3.8/site-packages'
[2.081s] Level 1:colcon.colcon_core.environment:checking '/home/arc/Documents/ros2_tcp_client/install/tcp_services/bin'
[2.082s] INFO:colcon.colcon_core.shell:Creating package script '/home/arc/Documents/ros2_tcp_client/install/tcp_services/share/tcp_services/package.ps1'
[2.082s] INFO:colcon.colcon_core.shell:Creating package descriptor '/home/arc/Documents/ros2_tcp_client/install/tcp_services/share/tcp_services/package.dsv'
[2.083s] INFO:colcon.colcon_core.shell:Creating package script '/home/arc/Documents/ros2_tcp_client/install/tcp_services/share/tcp_services/package.sh'
[2.083s] INFO:colcon.colcon_core.shell:Creating package script '/home/arc/Documents/ros2_tcp_client/install/tcp_services/share/tcp_services/package.bash'
[2.083s] INFO:colcon.colcon_core.shell:Creating package script '/home/arc/Documents/ros2_tcp_client/install/tcp_services/share/tcp_services/package.zsh'
[2.083s] Level 1:colcon.colcon_core.environment:create_file_with_runtime_dependencies(/home/arc/Documents/ros2_tcp_client/install/tcp_services/share/colcon-core/packages/tcp_services)
[2.098s] Level 1:colcon.colcon_core.environment:create_environment_scripts_only(tcp_services)
[2.100s] Level 1:colcon.colcon_core.environment:checking '/home/arc/Documents/ros2_tcp_client/install/tcp_services' for CMake module files
[2.100s] Level 1:colcon.colcon_core.environment:checking '/home/arc/Documents/ros2_tcp_client/install/tcp_services' for CMake config files
[2.100s] Level 1:colcon.colcon_core.shell:create_environment_hook('tcp_services', 'cmake_prefix_path')
[2.101s] INFO:colcon.colcon_core.shell:Creating environment hook '/home/arc/Documents/ros2_tcp_client/install/tcp_services/share/tcp_services/hook/cmake_prefix_path.ps1'
[2.101s] INFO:colcon.colcon_core.shell:Creating environment descriptor '/home/arc/Documents/ros2_tcp_client/install/tcp_services/share/tcp_services/hook/cmake_prefix_path.dsv'
[2.102s] INFO:colcon.colcon_core.shell:Creating environment hook '/home/arc/Documents/ros2_tcp_client/install/tcp_services/share/tcp_services/hook/cmake_prefix_path.sh'
[2.102s] Level 1:colcon.colcon_core.environment:checking '/home/arc/Documents/ros2_tcp_client/install/tcp_services/lib'
[2.102s] Level 1:colcon.colcon_core.environment:checking '/home/arc/Documents/ros2_tcp_client/install/tcp_services/bin'
[2.102s] Level 1:colcon.colcon_core.environment:checking '/home/arc/Documents/ros2_tcp_client/install/tcp_services/lib/pkgconfig/tcp_services.pc'
[2.102s] Level 1:colcon.colcon_core.environment:checking '/home/arc/Documents/ros2_tcp_client/install/tcp_services/lib/python3.8/site-packages'
[2.102s] Level 1:colcon.colcon_core.environment:checking '/home/arc/Documents/ros2_tcp_client/install/tcp_services/bin'
[2.103s] INFO:colcon.colcon_core.shell:Creating package script '/home/arc/Documents/ros2_tcp_client/install/tcp_services/share/tcp_services/package.ps1'
[2.104s] INFO:colcon.colcon_core.shell:Creating package descriptor '/home/arc/Documents/ros2_tcp_client/install/tcp_services/share/tcp_services/package.dsv'
[2.104s] INFO:colcon.colcon_core.shell:Creating package script '/home/arc/Documents/ros2_tcp_client/install/tcp_services/share/tcp_services/package.sh'
[2.104s] INFO:colcon.colcon_core.shell:Creating package script '/home/arc/Documents/ros2_tcp_client/install/tcp_services/share/tcp_services/package.bash'
[2.105s] INFO:colcon.colcon_core.shell:Creating package script '/home/arc/Documents/ros2_tcp_client/install/tcp_services/share/tcp_services/package.zsh'
[2.105s] Level 1:colcon.colcon_core.environment:create_file_with_runtime_dependencies(/home/arc/Documents/ros2_tcp_client/install/tcp_services/share/colcon-core/packages/tcp_services)
[2.105s] DEBUG:colcon.colcon_parallel_executor.executor.parallel:closing loop
[2.105s] DEBUG:colcon.colcon_parallel_executor.executor.parallel:loop closed
[2.105s] DEBUG:colcon.colcon_parallel_executor.executor.parallel:run_until_complete finished with '0'
[2.105s] DEBUG:colcon.colcon_core.event_reactor:joining thread
[2.110s] INFO:colcon.colcon_core.plugin_system:Skipping extension 'colcon_notification.desktop_notification.terminal_notifier': Not used on non-Darwin systems
[2.110s] INFO:colcon.colcon_core.plugin_system:Skipping extension 'colcon_notification.desktop_notification.win32': Not used on non-Windows systems
[2.110s] INFO:colcon.colcon_notification.desktop_notification:Sending desktop notification using 'notify2'
[2.116s] DEBUG:colcon.colcon_core.event_reactor:joined thread
[2.118s] INFO:colcon.colcon_core.shell:Creating prefix script '/home/arc/Documents/ros2_tcp_client/install/local_setup.ps1'
[2.118s] INFO:colcon.colcon_core.shell:Creating prefix util module '/home/arc/Documents/ros2_tcp_client/install/_local_setup_util_ps1.py'
[2.119s] INFO:colcon.colcon_core.shell:Creating prefix chain script '/home/arc/Documents/ros2_tcp_client/install/setup.ps1'
[2.120s] INFO:colcon.colcon_core.shell:Creating prefix script '/home/arc/Documents/ros2_tcp_client/install/local_setup.sh'
[2.120s] INFO:colcon.colcon_core.shell:Creating prefix util module '/home/arc/Documents/ros2_tcp_client/install/_local_setup_util_sh.py'
[2.121s] INFO:colcon.colcon_core.shell:Creating prefix chain script '/home/arc/Documents/ros2_tcp_client/install/setup.sh'
[2.121s] INFO:colcon.colcon_core.shell:Creating prefix script '/home/arc/Documents/ros2_tcp_client/install/local_setup.bash'
[2.122s] INFO:colcon.colcon_core.shell:Creating prefix chain script '/home/arc/Documents/ros2_tcp_client/install/setup.bash'
[2.122s] INFO:colcon.colcon_core.shell:Creating prefix script '/home/arc/Documents/ros2_tcp_client/install/local_setup.zsh'
[2.123s] INFO:colcon.colcon_core.shell:Creating prefix chain script '/home/arc/Documents/ros2_tcp_client/install/setup.zsh'
