[0.008s] Invoking command in '/home/arc/Documents/ros2_tcp_client/build/tcp_services': AMENT_PREFIX_PATH=/home/arc/Documents/ros2_tcp_client/install/tcp_format:${AMENT_PREFIX_PATH} CMAKE_PREFIX_PATH=/home/arc/Documents/ros2_tcp_client/install/tcp_format:/opt/ros/foxy CONDA_PROMPT_MODIFIER=(base) LD_LIBRARY_PATH=/home/arc/Documents/ros2_tcp_client/install/tcp_format/lib:${LD_LIBRARY_PATH} PYTHONPATH=/home/arc/Documents/ros2_tcp_client/install/tcp_format/lib/python3.8/site-packages:${PYTHONPATH} /usr/bin/cmake --build /home/arc/Documents/ros2_tcp_client/build/tcp_services -- -j16 -l16
[0.039s] [35m[1mScanning dependencies of target server[0m
[0.051s] [ 50%] Built target client
[0.056s] [ 75%] [32mBuilding CXX object CMakeFiles/server.dir/src/tcp_client.cpp.o[0m
[0.952s] [01m[K/home/arc/Documents/ros2_tcp_client/src/tcp_services/src/tcp_client.cpp:[m[K In function ‘[01m[Kstd::string send_socket(std::string, std::string, char*)[m[K’:
[0.952s] [01m[K/home/arc/Documents/ros2_tcp_client/src/tcp_services/src/tcp_client.cpp:15:37:[m[K [01;35m[Kwarning: [m[Kunused parameter ‘[01m[Kip[m[K’ [[01;35m[K-Wunused-parameter[m[K]
[0.952s]    15 | std::string send_socket([01;35m[Kstd::string ip[m[K, std::string port, char message[])
[0.952s]       |                         [01;35m[K~~~~~~~~~~~~^~[m[K
[1.549s] [100%] [32m[1mLinking CXX executable server[0m
[1.643s] [100%] Built target server
[1.651s] Invoked command in '/home/arc/Documents/ros2_tcp_client/build/tcp_services' returned '0': AMENT_PREFIX_PATH=/home/arc/Documents/ros2_tcp_client/install/tcp_format:${AMENT_PREFIX_PATH} CMAKE_PREFIX_PATH=/home/arc/Documents/ros2_tcp_client/install/tcp_format:/opt/ros/foxy CONDA_PROMPT_MODIFIER=(base) LD_LIBRARY_PATH=/home/arc/Documents/ros2_tcp_client/install/tcp_format/lib:${LD_LIBRARY_PATH} PYTHONPATH=/home/arc/Documents/ros2_tcp_client/install/tcp_format/lib/python3.8/site-packages:${PYTHONPATH} /usr/bin/cmake --build /home/arc/Documents/ros2_tcp_client/build/tcp_services -- -j16 -l16
[1.666s] Invoking command in '/home/arc/Documents/ros2_tcp_client/build/tcp_services': AMENT_PREFIX_PATH=/home/arc/Documents/ros2_tcp_client/install/tcp_format:${AMENT_PREFIX_PATH} CMAKE_PREFIX_PATH=/home/arc/Documents/ros2_tcp_client/install/tcp_format:/opt/ros/foxy CONDA_PROMPT_MODIFIER=(base) LD_LIBRARY_PATH=/home/arc/Documents/ros2_tcp_client/install/tcp_format/lib:${LD_LIBRARY_PATH} PYTHONPATH=/home/arc/Documents/ros2_tcp_client/install/tcp_format/lib/python3.8/site-packages:${PYTHONPATH} /usr/bin/cmake --install /home/arc/Documents/ros2_tcp_client/build/tcp_services
[1.672s] -- Install configuration: ""
[1.672s] -- Installing: /home/arc/Documents/ros2_tcp_client/install/tcp_services/lib/tcp_services/server
[1.672s] -- Set runtime path of "/home/arc/Documents/ros2_tcp_client/install/tcp_services/lib/tcp_services/server" to ""
[1.673s] -- Up-to-date: /home/arc/Documents/ros2_tcp_client/install/tcp_services/lib/tcp_services/client
[1.673s] -- Up-to-date: /home/arc/Documents/ros2_tcp_client/install/tcp_services/share/ament_index/resource_index/package_run_dependencies/tcp_services
[1.673s] -- Up-to-date: /home/arc/Documents/ros2_tcp_client/install/tcp_services/share/ament_index/resource_index/parent_prefix_path/tcp_services
[1.673s] -- Up-to-date: /home/arc/Documents/ros2_tcp_client/install/tcp_services/share/tcp_services/environment/ament_prefix_path.sh
[1.673s] -- Up-to-date: /home/arc/Documents/ros2_tcp_client/install/tcp_services/share/tcp_services/environment/ament_prefix_path.dsv
[1.673s] -- Up-to-date: /home/arc/Documents/ros2_tcp_client/install/tcp_services/share/tcp_services/environment/path.sh
[1.673s] -- Up-to-date: /home/arc/Documents/ros2_tcp_client/install/tcp_services/share/tcp_services/environment/path.dsv
[1.673s] -- Up-to-date: /home/arc/Documents/ros2_tcp_client/install/tcp_services/share/tcp_services/local_setup.bash
[1.673s] -- Up-to-date: /home/arc/Documents/ros2_tcp_client/install/tcp_services/share/tcp_services/local_setup.sh
[1.673s] -- Up-to-date: /home/arc/Documents/ros2_tcp_client/install/tcp_services/share/tcp_services/local_setup.zsh
[1.673s] -- Up-to-date: /home/arc/Documents/ros2_tcp_client/install/tcp_services/share/tcp_services/local_setup.dsv
[1.674s] -- Installing: /home/arc/Documents/ros2_tcp_client/install/tcp_services/share/tcp_services/package.dsv
[1.674s] -- Up-to-date: /home/arc/Documents/ros2_tcp_client/install/tcp_services/share/ament_index/resource_index/packages/tcp_services
[1.674s] -- Up-to-date: /home/arc/Documents/ros2_tcp_client/install/tcp_services/share/tcp_services/cmake/tcp_servicesConfig.cmake
[1.674s] -- Up-to-date: /home/arc/Documents/ros2_tcp_client/install/tcp_services/share/tcp_services/cmake/tcp_servicesConfig-version.cmake
[1.674s] -- Up-to-date: /home/arc/Documents/ros2_tcp_client/install/tcp_services/share/tcp_services/package.xml
[1.677s] Invoked command in '/home/arc/Documents/ros2_tcp_client/build/tcp_services' returned '0': AMENT_PREFIX_PATH=/home/arc/Documents/ros2_tcp_client/install/tcp_format:${AMENT_PREFIX_PATH} CMAKE_PREFIX_PATH=/home/arc/Documents/ros2_tcp_client/install/tcp_format:/opt/ros/foxy CONDA_PROMPT_MODIFIER=(base) LD_LIBRARY_PATH=/home/arc/Documents/ros2_tcp_client/install/tcp_format/lib:${LD_LIBRARY_PATH} PYTHONPATH=/home/arc/Documents/ros2_tcp_client/install/tcp_format/lib/python3.8/site-packages:${PYTHONPATH} /usr/bin/cmake --install /home/arc/Documents/ros2_tcp_client/build/tcp_services
