[0.102s] DEBUG:colcon:Command line arguments: ['/usr/bin/colcon', 'build']
[0.102s] DEBUG:colcon:Parsed command line arguments: Namespace(allow_overriding=[], ament_cmake_args=None, base_paths=['.'], build_base='build', catkin_cmake_args=None, catkin_skip_building_tests=False, cmake_args=None, cmake_clean_cache=False, cmake_clean_first=False, cmake_force_configure=False, cmake_target=None, cmake_target_skip_unavailable=False, continue_on_error=False, event_handlers=None, executor='parallel', ignore_user_meta=False, install_base='install', log_base=None, log_level=None, main=<bound method BuildVerb.main of <colcon_core.verb.build.BuildVerb object at 0x7f9591ff9250>>, merge_install=False, metas=['./colcon.meta'], packages_above=None, packages_above_and_dependencies=None, packages_above_depth=None, packages_end=None, packages_ignore=None, packages_ignore_regex=None, packages_select=None, packages_select_build_failed=False, packages_select_by_dep=None, packages_select_regex=None, packages_select_test_failures=False, packages_skip=None, packages_skip_build_finished=False, packages_skip_by_dep=None, packages_skip_regex=None, packages_skip_test_passed=False, packages_skip_up_to=None, packages_start=None, packages_up_to=None, packages_up_to_regex=None, parallel_workers=16, paths=None, symlink_install=False, test_result_base=None, verb_extension=<colcon_core.verb.build.BuildVerb object at 0x7f9591ff9250>, verb_name='build', verb_parser=<colcon_defaults.argument_parser.defaults.DefaultArgumentsDecorator object at 0x7f9591ff9790>)
[0.119s] Level 1:colcon.colcon_core.package_discovery:discover_packages(colcon_meta) check parameters
[0.119s] Level 1:colcon.colcon_core.package_discovery:discover_packages(recursive) check parameters
[0.119s] Level 1:colcon.colcon_core.package_discovery:discover_packages(ignore) check parameters
[0.119s] Level 1:colcon.colcon_core.package_discovery:discover_packages(path) check parameters
[0.119s] Level 1:colcon.colcon_core.package_discovery:discover_packages(colcon_meta) discover
[0.119s] Level 1:colcon.colcon_core.package_discovery:discover_packages(recursive) discover
[0.119s] INFO:colcon.colcon_core.package_discovery:Crawling recursively for packages in '/home/arc/Documents/ros2_tcp_client'
[0.119s] Level 1:colcon.colcon_core.package_identification:_identify(.) by extensions ['ignore', 'ignore_ament_install']
[0.119s] Level 1:colcon.colcon_core.package_identification:_identify(.) by extension 'ignore'
[0.119s] Level 1:colcon.colcon_core.package_identification:_identify(.) by extension 'ignore_ament_install'
[0.119s] Level 1:colcon.colcon_core.package_identification:_identify(.) by extensions ['colcon_pkg']
[0.119s] Level 1:colcon.colcon_core.package_identification:_identify(.) by extension 'colcon_pkg'
[0.119s] Level 1:colcon.colcon_core.package_identification:_identify(.) by extensions ['colcon_meta']
[0.119s] Level 1:colcon.colcon_core.package_identification:_identify(.) by extension 'colcon_meta'
[0.119s] Level 1:colcon.colcon_core.package_identification:_identify(.) by extensions ['ros']
[0.119s] Level 1:colcon.colcon_core.package_identification:_identify(.) by extension 'ros'
[0.127s] Level 1:colcon.colcon_core.package_identification:_identify(.) by extensions ['cmake', 'python']
[0.127s] Level 1:colcon.colcon_core.package_identification:_identify(.) by extension 'cmake'
[0.127s] Level 1:colcon.colcon_core.package_identification:_identify(.) by extension 'python'
[0.127s] Level 1:colcon.colcon_core.package_identification:_identify(.) by extensions ['python_setup_py']
[0.127s] Level 1:colcon.colcon_core.package_identification:_identify(.) by extension 'python_setup_py'
[0.127s] Level 1:colcon.colcon_core.package_identification:_identify(build) by extensions ['ignore', 'ignore_ament_install']
[0.127s] Level 1:colcon.colcon_core.package_identification:_identify(build) by extension 'ignore'
[0.127s] Level 1:colcon.colcon_core.package_identification:_identify(build) ignored
[0.128s] Level 1:colcon.colcon_core.package_identification:_identify(install) by extensions ['ignore', 'ignore_ament_install']
[0.128s] Level 1:colcon.colcon_core.package_identification:_identify(install) by extension 'ignore'
[0.128s] Level 1:colcon.colcon_core.package_identification:_identify(install) ignored
[0.128s] Level 1:colcon.colcon_core.package_identification:_identify(log) by extensions ['ignore', 'ignore_ament_install']
[0.128s] Level 1:colcon.colcon_core.package_identification:_identify(log) by extension 'ignore'
[0.128s] Level 1:colcon.colcon_core.package_identification:_identify(log) ignored
[0.128s] Level 1:colcon.colcon_core.package_identification:_identify(src) by extensions ['ignore', 'ignore_ament_install']
[0.128s] Level 1:colcon.colcon_core.package_identification:_identify(src) by extension 'ignore'
[0.128s] Level 1:colcon.colcon_core.package_identification:_identify(src) by extension 'ignore_ament_install'
[0.128s] Level 1:colcon.colcon_core.package_identification:_identify(src) by extensions ['colcon_pkg']
[0.128s] Level 1:colcon.colcon_core.package_identification:_identify(src) by extension 'colcon_pkg'
[0.128s] Level 1:colcon.colcon_core.package_identification:_identify(src) by extensions ['colcon_meta']
[0.128s] Level 1:colcon.colcon_core.package_identification:_identify(src) by extension 'colcon_meta'
[0.128s] Level 1:colcon.colcon_core.package_identification:_identify(src) by extensions ['ros']
[0.128s] Level 1:colcon.colcon_core.package_identification:_identify(src) by extension 'ros'
[0.128s] Level 1:colcon.colcon_core.package_identification:_identify(src) by extensions ['cmake', 'python']
[0.128s] Level 1:colcon.colcon_core.package_identification:_identify(src) by extension 'cmake'
[0.128s] Level 1:colcon.colcon_core.package_identification:_identify(src) by extension 'python'
[0.128s] Level 1:colcon.colcon_core.package_identification:_identify(src) by extensions ['python_setup_py']
[0.128s] Level 1:colcon.colcon_core.package_identification:_identify(src) by extension 'python_setup_py'
[0.129s] Level 1:colcon.colcon_core.package_identification:_identify(src/tcp_format) by extensions ['ignore', 'ignore_ament_install']
[0.129s] Level 1:colcon.colcon_core.package_identification:_identify(src/tcp_format) by extension 'ignore'
[0.129s] Level 1:colcon.colcon_core.package_identification:_identify(src/tcp_format) by extension 'ignore_ament_install'
[0.129s] Level 1:colcon.colcon_core.package_identification:_identify(src/tcp_format) by extensions ['colcon_pkg']
[0.129s] Level 1:colcon.colcon_core.package_identification:_identify(src/tcp_format) by extension 'colcon_pkg'
[0.129s] Level 1:colcon.colcon_core.package_identification:_identify(src/tcp_format) by extensions ['colcon_meta']
[0.129s] Level 1:colcon.colcon_core.package_identification:_identify(src/tcp_format) by extension 'colcon_meta'
[0.129s] Level 1:colcon.colcon_core.package_identification:_identify(src/tcp_format) by extensions ['ros']
[0.129s] Level 1:colcon.colcon_core.package_identification:_identify(src/tcp_format) by extension 'ros'
[0.130s] DEBUG:colcon.colcon_core.package_identification:Package 'src/tcp_format' with type 'ros.ament_cmake' and name 'tcp_format'
[0.130s] Level 1:colcon.colcon_core.package_identification:_identify(src/tcp_services) by extensions ['ignore', 'ignore_ament_install']
[0.131s] Level 1:colcon.colcon_core.package_identification:_identify(src/tcp_services) by extension 'ignore'
[0.131s] Level 1:colcon.colcon_core.package_identification:_identify(src/tcp_services) by extension 'ignore_ament_install'
[0.131s] Level 1:colcon.colcon_core.package_identification:_identify(src/tcp_services) by extensions ['colcon_pkg']
[0.131s] Level 1:colcon.colcon_core.package_identification:_identify(src/tcp_services) by extension 'colcon_pkg'
[0.131s] Level 1:colcon.colcon_core.package_identification:_identify(src/tcp_services) by extensions ['colcon_meta']
[0.131s] Level 1:colcon.colcon_core.package_identification:_identify(src/tcp_services) by extension 'colcon_meta'
[0.131s] Level 1:colcon.colcon_core.package_identification:_identify(src/tcp_services) by extensions ['ros']
[0.131s] Level 1:colcon.colcon_core.package_identification:_identify(src/tcp_services) by extension 'ros'
[0.131s] DEBUG:colcon.colcon_core.package_identification:Package 'src/tcp_services' with type 'ros.ament_cmake' and name 'tcp_services'
[0.131s] Level 1:colcon.colcon_core.package_discovery:discover_packages(recursive) using defaults
[0.131s] Level 1:colcon.colcon_core.package_discovery:discover_packages(ignore) discover
[0.131s] Level 1:colcon.colcon_core.package_discovery:discover_packages(ignore) using defaults
[0.131s] Level 1:colcon.colcon_core.package_discovery:discover_packages(path) discover
[0.131s] Level 1:colcon.colcon_core.package_discovery:discover_packages(path) using defaults
[0.146s] Level 1:colcon.colcon_core.package_discovery:discover_packages(prefix_path) check parameters
[0.146s] Level 1:colcon.colcon_core.package_discovery:discover_packages(prefix_path) discover
[0.147s] DEBUG:colcon.colcon_installed_package_information.package_discovery:Found 2 installed packages in /home/arc/Documents/ros2_tcp_client/install
[0.148s] DEBUG:colcon.colcon_installed_package_information.package_discovery:Found 256 installed packages in /opt/ros/foxy
[0.155s] Level 1:colcon.colcon_core.package_discovery:discover_packages(prefix_path) using defaults
[0.203s] Level 5:colcon.colcon_core.verb:set package 'tcp_format' build argument 'cmake_args' from command line to 'None'
[0.203s] Level 5:colcon.colcon_core.verb:set package 'tcp_format' build argument 'cmake_target' from command line to 'None'
[0.203s] Level 5:colcon.colcon_core.verb:set package 'tcp_format' build argument 'cmake_target_skip_unavailable' from command line to 'False'
[0.203s] Level 5:colcon.colcon_core.verb:set package 'tcp_format' build argument 'cmake_clean_cache' from command line to 'False'
[0.203s] Level 5:colcon.colcon_core.verb:set package 'tcp_format' build argument 'cmake_clean_first' from command line to 'False'
[0.203s] Level 5:colcon.colcon_core.verb:set package 'tcp_format' build argument 'cmake_force_configure' from command line to 'False'
[0.203s] Level 5:colcon.colcon_core.verb:set package 'tcp_format' build argument 'ament_cmake_args' from command line to 'None'
[0.203s] Level 5:colcon.colcon_core.verb:set package 'tcp_format' build argument 'catkin_cmake_args' from command line to 'None'
[0.203s] Level 5:colcon.colcon_core.verb:set package 'tcp_format' build argument 'catkin_skip_building_tests' from command line to 'False'
[0.204s] DEBUG:colcon.colcon_core.verb:Building package 'tcp_format' with the following arguments: {'ament_cmake_args': None, 'build_base': '/home/arc/Documents/ros2_tcp_client/build/tcp_format', 'catkin_cmake_args': None, 'catkin_skip_building_tests': False, 'cmake_args': None, 'cmake_clean_cache': False, 'cmake_clean_first': False, 'cmake_force_configure': False, 'cmake_target': None, 'cmake_target_skip_unavailable': False, 'install_base': '/home/arc/Documents/ros2_tcp_client/install/tcp_format', 'merge_install': False, 'path': '/home/arc/Documents/ros2_tcp_client/src/tcp_format', 'symlink_install': False, 'test_result_base': None}
[0.204s] Level 5:colcon.colcon_core.verb:set package 'tcp_services' build argument 'cmake_args' from command line to 'None'
[0.204s] Level 5:colcon.colcon_core.verb:set package 'tcp_services' build argument 'cmake_target' from command line to 'None'
[0.204s] Level 5:colcon.colcon_core.verb:set package 'tcp_services' build argument 'cmake_target_skip_unavailable' from command line to 'False'
[0.204s] Level 5:colcon.colcon_core.verb:set package 'tcp_services' build argument 'cmake_clean_cache' from command line to 'False'
[0.204s] Level 5:colcon.colcon_core.verb:set package 'tcp_services' build argument 'cmake_clean_first' from command line to 'False'
[0.204s] Level 5:colcon.colcon_core.verb:set package 'tcp_services' build argument 'cmake_force_configure' from command line to 'False'
[0.204s] Level 5:colcon.colcon_core.verb:set package 'tcp_services' build argument 'ament_cmake_args' from command line to 'None'
[0.204s] Level 5:colcon.colcon_core.verb:set package 'tcp_services' build argument 'catkin_cmake_args' from command line to 'None'
[0.204s] Level 5:colcon.colcon_core.verb:set package 'tcp_services' build argument 'catkin_skip_building_tests' from command line to 'False'
[0.204s] DEBUG:colcon.colcon_core.verb:Building package 'tcp_services' with the following arguments: {'ament_cmake_args': None, 'build_base': '/home/arc/Documents/ros2_tcp_client/build/tcp_services', 'catkin_cmake_args': None, 'catkin_skip_building_tests': False, 'cmake_args': None, 'cmake_clean_cache': False, 'cmake_clean_first': False, 'cmake_force_configure': False, 'cmake_target': None, 'cmake_target_skip_unavailable': False, 'install_base': '/home/arc/Documents/ros2_tcp_client/install/tcp_services', 'merge_install': False, 'path': '/home/arc/Documents/ros2_tcp_client/src/tcp_services', 'symlink_install': False, 'test_result_base': None}
[0.205s] INFO:colcon.colcon_core.executor:Executing jobs using 'parallel' executor
[0.208s] DEBUG:colcon.colcon_parallel_executor.executor.parallel:run_until_complete
[0.208s] INFO:colcon.colcon_ros.task.ament_cmake.build:Building ROS package in '/home/arc/Documents/ros2_tcp_client/src/tcp_format' with build type 'ament_cmake'
[0.208s] INFO:colcon.colcon_cmake.task.cmake.build:Building CMake package in '/home/arc/Documents/ros2_tcp_client/src/tcp_format'
[0.211s] INFO:colcon.colcon_core.plugin_system:Skipping extension 'colcon_core.shell.bat': Not used on non-Windows systems
[0.211s] INFO:colcon.colcon_core.shell:Skip shell extension 'powershell' for command environment: Not usable outside of PowerShell
[0.211s] DEBUG:colcon.colcon_core.shell:Skip shell extension 'dsv' for command environment
[0.220s] DEBUG:colcon.colcon_core.event_handler.log_command:Invoking command in '/home/arc/Documents/ros2_tcp_client/build/tcp_format': CMAKE_PREFIX_PATH=${CMAKE_PREFIX_PATH}:/opt/ros/foxy CONDA_PROMPT_MODIFIER=(base) /usr/bin/cmake --build /home/arc/Documents/ros2_tcp_client/build/tcp_format -- -j16 -l16
[0.353s] DEBUG:colcon.colcon_core.event_handler.log_command:Invoked command in '/home/arc/Documents/ros2_tcp_client/build/tcp_format' returned '0': CMAKE_PREFIX_PATH=${CMAKE_PREFIX_PATH}:/opt/ros/foxy CONDA_PROMPT_MODIFIER=(base) /usr/bin/cmake --build /home/arc/Documents/ros2_tcp_client/build/tcp_format -- -j16 -l16
[0.388s] DEBUG:colcon.colcon_core.event_handler.log_command:Invoking command in '/home/arc/Documents/ros2_tcp_client/build/tcp_format': CMAKE_PREFIX_PATH=${CMAKE_PREFIX_PATH}:/opt/ros/foxy CONDA_PROMPT_MODIFIER=(base) /usr/bin/cmake --install /home/arc/Documents/ros2_tcp_client/build/tcp_format
[0.424s] Level 1:colcon.colcon_core.environment:create_environment_scripts_only(tcp_format)
[0.424s] DEBUG:colcon.colcon_core.event_handler.log_command:Invoked command in '/home/arc/Documents/ros2_tcp_client/build/tcp_format' returned '0': CMAKE_PREFIX_PATH=${CMAKE_PREFIX_PATH}:/opt/ros/foxy CONDA_PROMPT_MODIFIER=(base) /usr/bin/cmake --install /home/arc/Documents/ros2_tcp_client/build/tcp_format
[0.428s] Level 1:colcon.colcon_core.environment:checking '/home/arc/Documents/ros2_tcp_client/install/tcp_format' for CMake module files
[0.428s] Level 1:colcon.colcon_core.environment:checking '/home/arc/Documents/ros2_tcp_client/install/tcp_format' for CMake config files
[0.428s] Level 1:colcon.colcon_core.shell:create_environment_hook('tcp_format', 'cmake_prefix_path')
[0.429s] INFO:colcon.colcon_core.shell:Creating environment hook '/home/arc/Documents/ros2_tcp_client/install/tcp_format/share/tcp_format/hook/cmake_prefix_path.ps1'
[0.430s] INFO:colcon.colcon_core.shell:Creating environment descriptor '/home/arc/Documents/ros2_tcp_client/install/tcp_format/share/tcp_format/hook/cmake_prefix_path.dsv'
[0.430s] INFO:colcon.colcon_core.shell:Creating environment hook '/home/arc/Documents/ros2_tcp_client/install/tcp_format/share/tcp_format/hook/cmake_prefix_path.sh'
[0.431s] Level 1:colcon.colcon_core.environment:checking '/home/arc/Documents/ros2_tcp_client/install/tcp_format/lib'
[0.431s] Level 1:colcon.colcon_core.shell:create_environment_hook('tcp_format', 'ld_library_path_lib')
[0.432s] INFO:colcon.colcon_core.shell:Creating environment hook '/home/arc/Documents/ros2_tcp_client/install/tcp_format/share/tcp_format/hook/ld_library_path_lib.ps1'
[0.432s] INFO:colcon.colcon_core.shell:Creating environment descriptor '/home/arc/Documents/ros2_tcp_client/install/tcp_format/share/tcp_format/hook/ld_library_path_lib.dsv'
[0.432s] INFO:colcon.colcon_core.shell:Creating environment hook '/home/arc/Documents/ros2_tcp_client/install/tcp_format/share/tcp_format/hook/ld_library_path_lib.sh'
[0.433s] Level 1:colcon.colcon_core.environment:checking '/home/arc/Documents/ros2_tcp_client/install/tcp_format/bin'
[0.433s] Level 1:colcon.colcon_core.environment:checking '/home/arc/Documents/ros2_tcp_client/install/tcp_format/lib/pkgconfig/tcp_format.pc'
[0.433s] Level 1:colcon.colcon_core.environment:checking '/home/arc/Documents/ros2_tcp_client/install/tcp_format/lib/python3.8/site-packages'
[0.433s] Level 1:colcon.colcon_core.shell:create_environment_hook('tcp_format', 'pythonpath')
[0.434s] INFO:colcon.colcon_core.shell:Creating environment hook '/home/arc/Documents/ros2_tcp_client/install/tcp_format/share/tcp_format/hook/pythonpath.ps1'
[0.434s] INFO:colcon.colcon_core.shell:Creating environment descriptor '/home/arc/Documents/ros2_tcp_client/install/tcp_format/share/tcp_format/hook/pythonpath.dsv'
[0.434s] INFO:colcon.colcon_core.shell:Creating environment hook '/home/arc/Documents/ros2_tcp_client/install/tcp_format/share/tcp_format/hook/pythonpath.sh'
[0.434s] Level 1:colcon.colcon_core.environment:checking '/home/arc/Documents/ros2_tcp_client/install/tcp_format/bin'
[0.435s] INFO:colcon.colcon_core.shell:Creating package script '/home/arc/Documents/ros2_tcp_client/install/tcp_format/share/tcp_format/package.ps1'
[0.436s] INFO:colcon.colcon_core.shell:Creating package descriptor '/home/arc/Documents/ros2_tcp_client/install/tcp_format/share/tcp_format/package.dsv'
[0.436s] INFO:colcon.colcon_core.shell:Creating package script '/home/arc/Documents/ros2_tcp_client/install/tcp_format/share/tcp_format/package.sh'
[0.437s] INFO:colcon.colcon_core.shell:Creating package script '/home/arc/Documents/ros2_tcp_client/install/tcp_format/share/tcp_format/package.bash'
[0.437s] INFO:colcon.colcon_core.shell:Creating package script '/home/arc/Documents/ros2_tcp_client/install/tcp_format/share/tcp_format/package.zsh'
[0.438s] Level 1:colcon.colcon_core.environment:create_file_with_runtime_dependencies(/home/arc/Documents/ros2_tcp_client/install/tcp_format/share/colcon-core/packages/tcp_format)
[0.467s] Level 1:colcon.colcon_core.environment:create_environment_scripts_only(tcp_format)
[0.468s] Level 1:colcon.colcon_core.environment:checking '/home/arc/Documents/ros2_tcp_client/install/tcp_format' for CMake module files
[0.469s] Level 1:colcon.colcon_core.environment:checking '/home/arc/Documents/ros2_tcp_client/install/tcp_format' for CMake config files
[0.469s] Level 1:colcon.colcon_core.shell:create_environment_hook('tcp_format', 'cmake_prefix_path')
[0.470s] INFO:colcon.colcon_core.shell:Creating environment hook '/home/arc/Documents/ros2_tcp_client/install/tcp_format/share/tcp_format/hook/cmake_prefix_path.ps1'
[0.470s] INFO:colcon.colcon_core.shell:Creating environment descriptor '/home/arc/Documents/ros2_tcp_client/install/tcp_format/share/tcp_format/hook/cmake_prefix_path.dsv'
[0.470s] INFO:colcon.colcon_core.shell:Creating environment hook '/home/arc/Documents/ros2_tcp_client/install/tcp_format/share/tcp_format/hook/cmake_prefix_path.sh'
[0.471s] Level 1:colcon.colcon_core.environment:checking '/home/arc/Documents/ros2_tcp_client/install/tcp_format/lib'
[0.471s] Level 1:colcon.colcon_core.shell:create_environment_hook('tcp_format', 'ld_library_path_lib')
[0.472s] INFO:colcon.colcon_core.shell:Creating environment hook '/home/arc/Documents/ros2_tcp_client/install/tcp_format/share/tcp_format/hook/ld_library_path_lib.ps1'
[0.472s] INFO:colcon.colcon_core.shell:Creating environment descriptor '/home/arc/Documents/ros2_tcp_client/install/tcp_format/share/tcp_format/hook/ld_library_path_lib.dsv'
[0.472s] INFO:colcon.colcon_core.shell:Creating environment hook '/home/arc/Documents/ros2_tcp_client/install/tcp_format/share/tcp_format/hook/ld_library_path_lib.sh'
[0.472s] Level 1:colcon.colcon_core.environment:checking '/home/arc/Documents/ros2_tcp_client/install/tcp_format/bin'
[0.472s] Level 1:colcon.colcon_core.environment:checking '/home/arc/Documents/ros2_tcp_client/install/tcp_format/lib/pkgconfig/tcp_format.pc'
[0.472s] Level 1:colcon.colcon_core.environment:checking '/home/arc/Documents/ros2_tcp_client/install/tcp_format/lib/python3.8/site-packages'
[0.473s] Level 1:colcon.colcon_core.shell:create_environment_hook('tcp_format', 'pythonpath')
[0.474s] INFO:colcon.colcon_core.shell:Creating environment hook '/home/arc/Documents/ros2_tcp_client/install/tcp_format/share/tcp_format/hook/pythonpath.ps1'
[0.474s] INFO:colcon.colcon_core.shell:Creating environment descriptor '/home/arc/Documents/ros2_tcp_client/install/tcp_format/share/tcp_format/hook/pythonpath.dsv'
[0.474s] INFO:colcon.colcon_core.shell:Creating environment hook '/home/arc/Documents/ros2_tcp_client/install/tcp_format/share/tcp_format/hook/pythonpath.sh'
[0.474s] Level 1:colcon.colcon_core.environment:checking '/home/arc/Documents/ros2_tcp_client/install/tcp_format/bin'
[0.475s] INFO:colcon.colcon_core.shell:Creating package script '/home/arc/Documents/ros2_tcp_client/install/tcp_format/share/tcp_format/package.ps1'
[0.476s] INFO:colcon.colcon_core.shell:Creating package descriptor '/home/arc/Documents/ros2_tcp_client/install/tcp_format/share/tcp_format/package.dsv'
[0.476s] INFO:colcon.colcon_core.shell:Creating package script '/home/arc/Documents/ros2_tcp_client/install/tcp_format/share/tcp_format/package.sh'
[0.476s] INFO:colcon.colcon_core.shell:Creating package script '/home/arc/Documents/ros2_tcp_client/install/tcp_format/share/tcp_format/package.bash'
[0.477s] INFO:colcon.colcon_core.shell:Creating package script '/home/arc/Documents/ros2_tcp_client/install/tcp_format/share/tcp_format/package.zsh'
[0.477s] Level 1:colcon.colcon_core.environment:create_file_with_runtime_dependencies(/home/arc/Documents/ros2_tcp_client/install/tcp_format/share/colcon-core/packages/tcp_format)
[0.477s] INFO:colcon.colcon_ros.task.ament_cmake.build:Building ROS package in '/home/arc/Documents/ros2_tcp_client/src/tcp_services' with build type 'ament_cmake'
[0.477s] INFO:colcon.colcon_cmake.task.cmake.build:Building CMake package in '/home/arc/Documents/ros2_tcp_client/src/tcp_services'
[0.478s] INFO:colcon.colcon_core.shell:Skip shell extension 'powershell' for command environment: Not usable outside of PowerShell
[0.478s] DEBUG:colcon.colcon_core.shell:Skip shell extension 'dsv' for command environment
[0.488s] DEBUG:colcon.colcon_core.event_handler.log_command:Invoking command in '/home/arc/Documents/ros2_tcp_client/build/tcp_services': CMAKE_PREFIX_PATH=/home/arc/Documents/ros2_tcp_client/install/tcp_format:/home/arc/Documents/ros2_tcp_client/install/tcp_services:/opt/ros/foxy CONDA_PROMPT_MODIFIER=(base) /usr/bin/cmake --build /home/arc/Documents/ros2_tcp_client/build/tcp_services -- -j16 -l16
[0.535s] DEBUG:colcon.colcon_core.event_handler.log_command:Invoked command in '/home/arc/Documents/ros2_tcp_client/build/tcp_services' returned '0': CMAKE_PREFIX_PATH=/home/arc/Documents/ros2_tcp_client/install/tcp_format:/home/arc/Documents/ros2_tcp_client/install/tcp_services:/opt/ros/foxy CONDA_PROMPT_MODIFIER=(base) /usr/bin/cmake --build /home/arc/Documents/ros2_tcp_client/build/tcp_services -- -j16 -l16
[0.552s] DEBUG:colcon.colcon_core.event_handler.log_command:Invoking command in '/home/arc/Documents/ros2_tcp_client/build/tcp_services': CMAKE_PREFIX_PATH=/home/arc/Documents/ros2_tcp_client/install/tcp_format:/home/arc/Documents/ros2_tcp_client/install/tcp_services:/opt/ros/foxy CONDA_PROMPT_MODIFIER=(base) /usr/bin/cmake --install /home/arc/Documents/ros2_tcp_client/build/tcp_services
[0.560s] Level 1:colcon.colcon_core.environment:create_environment_scripts_only(tcp_services)
[0.561s] Level 1:colcon.colcon_core.environment:checking '/home/arc/Documents/ros2_tcp_client/install/tcp_services' for CMake module files
[0.561s] DEBUG:colcon.colcon_core.event_handler.log_command:Invoked command in '/home/arc/Documents/ros2_tcp_client/build/tcp_services' returned '0': CMAKE_PREFIX_PATH=/home/arc/Documents/ros2_tcp_client/install/tcp_format:/home/arc/Documents/ros2_tcp_client/install/tcp_services:/opt/ros/foxy CONDA_PROMPT_MODIFIER=(base) /usr/bin/cmake --install /home/arc/Documents/ros2_tcp_client/build/tcp_services
[0.562s] Level 1:colcon.colcon_core.environment:checking '/home/arc/Documents/ros2_tcp_client/install/tcp_services' for CMake config files
[0.562s] Level 1:colcon.colcon_core.shell:create_environment_hook('tcp_services', 'cmake_prefix_path')
[0.563s] INFO:colcon.colcon_core.shell:Creating environment hook '/home/arc/Documents/ros2_tcp_client/install/tcp_services/share/tcp_services/hook/cmake_prefix_path.ps1'
[0.563s] INFO:colcon.colcon_core.shell:Creating environment descriptor '/home/arc/Documents/ros2_tcp_client/install/tcp_services/share/tcp_services/hook/cmake_prefix_path.dsv'
[0.563s] INFO:colcon.colcon_core.shell:Creating environment hook '/home/arc/Documents/ros2_tcp_client/install/tcp_services/share/tcp_services/hook/cmake_prefix_path.sh'
[0.564s] Level 1:colcon.colcon_core.environment:checking '/home/arc/Documents/ros2_tcp_client/install/tcp_services/lib'
[0.564s] Level 1:colcon.colcon_core.environment:checking '/home/arc/Documents/ros2_tcp_client/install/tcp_services/bin'
[0.564s] Level 1:colcon.colcon_core.environment:checking '/home/arc/Documents/ros2_tcp_client/install/tcp_services/lib/pkgconfig/tcp_services.pc'
[0.564s] Level 1:colcon.colcon_core.environment:checking '/home/arc/Documents/ros2_tcp_client/install/tcp_services/lib/python3.8/site-packages'
[0.564s] Level 1:colcon.colcon_core.environment:checking '/home/arc/Documents/ros2_tcp_client/install/tcp_services/bin'
[0.565s] INFO:colcon.colcon_core.shell:Creating package script '/home/arc/Documents/ros2_tcp_client/install/tcp_services/share/tcp_services/package.ps1'
[0.565s] INFO:colcon.colcon_core.shell:Creating package descriptor '/home/arc/Documents/ros2_tcp_client/install/tcp_services/share/tcp_services/package.dsv'
[0.566s] INFO:colcon.colcon_core.shell:Creating package script '/home/arc/Documents/ros2_tcp_client/install/tcp_services/share/tcp_services/package.sh'
[0.566s] INFO:colcon.colcon_core.shell:Creating package script '/home/arc/Documents/ros2_tcp_client/install/tcp_services/share/tcp_services/package.bash'
[0.566s] INFO:colcon.colcon_core.shell:Creating package script '/home/arc/Documents/ros2_tcp_client/install/tcp_services/share/tcp_services/package.zsh'
[0.566s] Level 1:colcon.colcon_core.environment:create_file_with_runtime_dependencies(/home/arc/Documents/ros2_tcp_client/install/tcp_services/share/colcon-core/packages/tcp_services)
[0.582s] Level 1:colcon.colcon_core.environment:create_environment_scripts_only(tcp_services)
[0.584s] Level 1:colcon.colcon_core.environment:checking '/home/arc/Documents/ros2_tcp_client/install/tcp_services' for CMake module files
[0.584s] Level 1:colcon.colcon_core.environment:checking '/home/arc/Documents/ros2_tcp_client/install/tcp_services' for CMake config files
[0.584s] Level 1:colcon.colcon_core.shell:create_environment_hook('tcp_services', 'cmake_prefix_path')
[0.585s] INFO:colcon.colcon_core.shell:Creating environment hook '/home/arc/Documents/ros2_tcp_client/install/tcp_services/share/tcp_services/hook/cmake_prefix_path.ps1'
[0.586s] INFO:colcon.colcon_core.shell:Creating environment descriptor '/home/arc/Documents/ros2_tcp_client/install/tcp_services/share/tcp_services/hook/cmake_prefix_path.dsv'
[0.586s] INFO:colcon.colcon_core.shell:Creating environment hook '/home/arc/Documents/ros2_tcp_client/install/tcp_services/share/tcp_services/hook/cmake_prefix_path.sh'
[0.586s] Level 1:colcon.colcon_core.environment:checking '/home/arc/Documents/ros2_tcp_client/install/tcp_services/lib'
[0.586s] Level 1:colcon.colcon_core.environment:checking '/home/arc/Documents/ros2_tcp_client/install/tcp_services/bin'
[0.586s] Level 1:colcon.colcon_core.environment:checking '/home/arc/Documents/ros2_tcp_client/install/tcp_services/lib/pkgconfig/tcp_services.pc'
[0.587s] Level 1:colcon.colcon_core.environment:checking '/home/arc/Documents/ros2_tcp_client/install/tcp_services/lib/python3.8/site-packages'
[0.587s] Level 1:colcon.colcon_core.environment:checking '/home/arc/Documents/ros2_tcp_client/install/tcp_services/bin'
[0.588s] INFO:colcon.colcon_core.shell:Creating package script '/home/arc/Documents/ros2_tcp_client/install/tcp_services/share/tcp_services/package.ps1'
[0.588s] INFO:colcon.colcon_core.shell:Creating package descriptor '/home/arc/Documents/ros2_tcp_client/install/tcp_services/share/tcp_services/package.dsv'
[0.588s] INFO:colcon.colcon_core.shell:Creating package script '/home/arc/Documents/ros2_tcp_client/install/tcp_services/share/tcp_services/package.sh'
[0.589s] INFO:colcon.colcon_core.shell:Creating package script '/home/arc/Documents/ros2_tcp_client/install/tcp_services/share/tcp_services/package.bash'
[0.589s] INFO:colcon.colcon_core.shell:Creating package script '/home/arc/Documents/ros2_tcp_client/install/tcp_services/share/tcp_services/package.zsh'
[0.589s] Level 1:colcon.colcon_core.environment:create_file_with_runtime_dependencies(/home/arc/Documents/ros2_tcp_client/install/tcp_services/share/colcon-core/packages/tcp_services)
[0.590s] DEBUG:colcon.colcon_parallel_executor.executor.parallel:closing loop
[0.590s] DEBUG:colcon.colcon_parallel_executor.executor.parallel:loop closed
[0.590s] DEBUG:colcon.colcon_parallel_executor.executor.parallel:run_until_complete finished with '0'
[0.590s] DEBUG:colcon.colcon_core.event_reactor:joining thread
[0.595s] INFO:colcon.colcon_core.plugin_system:Skipping extension 'colcon_notification.desktop_notification.terminal_notifier': Not used on non-Darwin systems
[0.595s] INFO:colcon.colcon_core.plugin_system:Skipping extension 'colcon_notification.desktop_notification.win32': Not used on non-Windows systems
[0.595s] INFO:colcon.colcon_notification.desktop_notification:Sending desktop notification using 'notify2'
[0.601s] DEBUG:colcon.colcon_core.event_reactor:joined thread
[0.603s] INFO:colcon.colcon_core.shell:Creating prefix script '/home/arc/Documents/ros2_tcp_client/install/local_setup.ps1'
[0.603s] INFO:colcon.colcon_core.shell:Creating prefix util module '/home/arc/Documents/ros2_tcp_client/install/_local_setup_util_ps1.py'
[0.604s] INFO:colcon.colcon_core.shell:Creating prefix chain script '/home/arc/Documents/ros2_tcp_client/install/setup.ps1'
[0.605s] INFO:colcon.colcon_core.shell:Creating prefix script '/home/arc/Documents/ros2_tcp_client/install/local_setup.sh'
[0.605s] INFO:colcon.colcon_core.shell:Creating prefix util module '/home/arc/Documents/ros2_tcp_client/install/_local_setup_util_sh.py'
[0.606s] INFO:colcon.colcon_core.shell:Creating prefix chain script '/home/arc/Documents/ros2_tcp_client/install/setup.sh'
[0.606s] INFO:colcon.colcon_core.shell:Creating prefix script '/home/arc/Documents/ros2_tcp_client/install/local_setup.bash'
[0.607s] INFO:colcon.colcon_core.shell:Creating prefix chain script '/home/arc/Documents/ros2_tcp_client/install/setup.bash'
[0.608s] INFO:colcon.colcon_core.shell:Creating prefix script '/home/arc/Documents/ros2_tcp_client/install/local_setup.zsh'
[0.608s] INFO:colcon.colcon_core.shell:Creating prefix chain script '/home/arc/Documents/ros2_tcp_client/install/setup.zsh'
