-- The C compiler identification is GNU 9.4.0
-- The CXX compiler identification is GNU 9.4.0
-- Check for working C compiler: /usr/bin/cc
-- Check for working C compiler: /usr/bin/cc -- works
-- Detecting C compiler ABI info
-- Detecting C compiler ABI info - done
-- Detecting C compile features
-- Detecting C compile features - done
-- Check for working CXX compiler: /usr/bin/c++
-- Check for working CXX compiler: /usr/bin/c++ -- works
-- Detecting CXX compiler ABI info
-- Detecting CXX compiler ABI info - done
-- Detecting CXX compile features
-- Detecting CXX compile features - done
-- Found ament_cmake: 0.9.9 (/opt/ros/foxy/share/ament_cmake/cmake)
-- Found PythonInterp: /usr/bin/python3 (found suitable version "3.8.10", minimum required is "3") 
-- Using PYTHON_EXECUTABLE: /usr/bin/python3
-- Found rclcpp: 2.4.1 (/opt/ros/foxy/share/rclcpp/cmake)
-- Using all available rosidl_typesupport_c: rosidl_typesupport_fastrtps_c;rosidl_typesupport_introspection_c
-- Found rosidl_adapter: 1.2.1 (/opt/ros/foxy/share/rosidl_adapter/cmake)
-- Found OpenSSL: /usr/lib/x86_64-linux-gnu/libcrypto.so (found version "1.1.1f")  
-- Found FastRTPS: /opt/ros/foxy/include  
-- Using all available rosidl_typesupport_cpp: rosidl_typesupport_fastrtps_cpp;rosidl_typesupport_introspection_cpp
-- Found rmw_implementation_cmake: 1.0.3 (/opt/ros/foxy/share/rmw_implementation_cmake/cmake)
-- Using RMW implementation 'rmw_fastrtps_cpp' as default
-- Looking for pthread.h
-- Looking for pthread.h - found
-- Performing Test CMAKE_HAVE_LIBC_PTHREAD
-- Performing Test CMAKE_HAVE_LIBC_PTHREAD - Failed
-- Looking for pthread_create in pthreads
-- Looking for pthread_create in pthreads - not found
-- Looking for pthread_create in pthread
-- Looking for pthread_create in pthread - found
-- Found Threads: TRUE  
-- Found tcp_format: 0.0.0 (/home/arc/Documents/ros2_tcp_client/install/tcp_format/share/tcp_format/cmake)
-- Found ament_lint_auto: 0.9.6 (/opt/ros/foxy/share/ament_lint_auto/cmake)
-- Added test 'copyright' to check source files copyright and LICENSE
-- Added test 'cppcheck' to perform static code analysis on C / C++ code
-- Configured cppcheck include dirs: 
-- Configured cppcheck exclude dirs and/or files: 
-- Added test 'cpplint' to check C / C++ code against the Google style
-- Configured cpplint exclude dirs and/or files: 
-- Added test 'lint_cmake' to check CMake code style
-- Added test 'uncrustify' to check C / C++ code style
-- Configured uncrustify additional arguments: 
-- Added test 'xmllint' to check XML markup files
-- Configuring done
-- Generating done
-- Build files have been written to: /home/arc/Documents/ros2_tcp_client/build/tcp_services
[35m[1mScanning dependencies of target client[0m
[35m[1mScanning dependencies of target server[0m
[ 50%] [32mBuilding CXX object CMakeFiles/client.dir/src/message_test.cpp.o[0m
[ 50%] [32mBuilding CXX object CMakeFiles/server.dir/src/tcp_client.cpp.o[0m
[01m[K/home/arc/Documents/ros2_tcp_client/src/tcp_services/src/tcp_client.cpp:[m[K In function ‘[01m[Kstd::string send_socket(std::string, std::string, std::string)[m[K’:
[01m[K/home/arc/Documents/ros2_tcp_client/src/tcp_services/src/tcp_client.cpp:15:17:[m[K [01;35m[Kwarning: [m[Kvariable ‘[01m[Kvalread[m[K’ set but not used [[01;35m[K-Wunused-but-set-variable[m[K]
   15 |   int sock = 0, [01;35m[Kvalread[m[K, client_fd;
      |                 [01;35m[K^~~~~~~[m[K
[ 75%] [32m[1mLinking CXX executable server[0m
[ 75%] Built target server
[100%] [32m[1mLinking CXX executable client[0m
[100%] Built target client
-- Install configuration: ""
-- Installing: /home/arc/Documents/ros2_tcp_client/install/tcp_services/lib/tcp_services/server
-- Set runtime path of "/home/arc/Documents/ros2_tcp_client/install/tcp_services/lib/tcp_services/server" to ""
-- Installing: /home/arc/Documents/ros2_tcp_client/install/tcp_services/lib/tcp_services/client
-- Set runtime path of "/home/arc/Documents/ros2_tcp_client/install/tcp_services/lib/tcp_services/client" to ""
-- Installing: /home/arc/Documents/ros2_tcp_client/install/tcp_services/share/ament_index/resource_index/package_run_dependencies/tcp_services
-- Installing: /home/arc/Documents/ros2_tcp_client/install/tcp_services/share/ament_index/resource_index/parent_prefix_path/tcp_services
-- Installing: /home/arc/Documents/ros2_tcp_client/install/tcp_services/share/tcp_services/environment/ament_prefix_path.sh
-- Installing: /home/arc/Documents/ros2_tcp_client/install/tcp_services/share/tcp_services/environment/ament_prefix_path.dsv
-- Installing: /home/arc/Documents/ros2_tcp_client/install/tcp_services/share/tcp_services/environment/path.sh
-- Installing: /home/arc/Documents/ros2_tcp_client/install/tcp_services/share/tcp_services/environment/path.dsv
-- Installing: /home/arc/Documents/ros2_tcp_client/install/tcp_services/share/tcp_services/local_setup.bash
-- Installing: /home/arc/Documents/ros2_tcp_client/install/tcp_services/share/tcp_services/local_setup.sh
-- Installing: /home/arc/Documents/ros2_tcp_client/install/tcp_services/share/tcp_services/local_setup.zsh
-- Installing: /home/arc/Documents/ros2_tcp_client/install/tcp_services/share/tcp_services/local_setup.dsv
-- Installing: /home/arc/Documents/ros2_tcp_client/install/tcp_services/share/tcp_services/package.dsv
-- Installing: /home/arc/Documents/ros2_tcp_client/install/tcp_services/share/ament_index/resource_index/packages/tcp_services
-- Installing: /home/arc/Documents/ros2_tcp_client/install/tcp_services/share/tcp_services/cmake/tcp_servicesConfig.cmake
-- Installing: /home/arc/Documents/ros2_tcp_client/install/tcp_services/share/tcp_services/cmake/tcp_servicesConfig-version.cmake
-- Installing: /home/arc/Documents/ros2_tcp_client/install/tcp_services/share/tcp_services/package.xml
