[  6%] Built target tcp_format__cpp
[ 12%] Built target tcp_format__rosidl_generator_c
[ 41%] Built target tcp_format__rosidl_typesupport_introspection_c
[ 38%] Built target tcp_format__rosidl_typesupport_cpp
[ 41%] Built target tcp_format__rosidl_typesupport_introspection_cpp
[ 51%] Built target tcp_format__rosidl_typesupport_fastrtps_cpp
[ 61%] Built target tcp_format__rosidl_typesupport_c
[ 70%] Built target tcp_format__rosidl_typesupport_fastrtps_c
[ 70%] Built target tcp_format
[ 74%] Built target tcp_format__py
[ 80%] Built target tcp_format__python
[100%] Built target tcp_format__rosidl_typesupport_c__pyext
[100%] Built target tcp_format__rosidl_typesupport_fastrtps_c__pyext
[100%] Built target tcp_format__rosidl_typesupport_introspection_c__pyext
-- Install configuration: ""
-- Up-to-date: /home/arc/Documents/ros2_tcp_client/install/tcp_format/share/ament_index/resource_index/rosidl_interfaces/tcp_format
-- Up-to-date: /home/arc/Documents/ros2_tcp_client/install/tcp_format/include/tcp_format
-- Up-to-date: /home/arc/Documents/ros2_tcp_client/install/tcp_format/include/tcp_format/srv
-- Up-to-date: /home/arc/Documents/ros2_tcp_client/install/tcp_format/include/tcp_format/srv/detail
-- Up-to-date: /home/arc/Documents/ros2_tcp_client/install/tcp_format/include/tcp_format/srv/detail/socket_format__functions.h
-- Up-to-date: /home/arc/Documents/ros2_tcp_client/install/tcp_format/include/tcp_format/srv/detail/socket_format__struct.h
-- Up-to-date: /home/arc/Documents/ros2_tcp_client/install/tcp_format/include/tcp_format/srv/detail/socket_format__functions.c
-- Up-to-date: /home/arc/Documents/ros2_tcp_client/install/tcp_format/include/tcp_format/srv/detail/socket_format__type_support.h
-- Up-to-date: /home/arc/Documents/ros2_tcp_client/install/tcp_format/include/tcp_format/srv/socket_format.h
-- Up-to-date: /home/arc/Documents/ros2_tcp_client/install/tcp_format/include/tcp_format/msg
-- Up-to-date: /home/arc/Documents/ros2_tcp_client/install/tcp_format/include/tcp_format/msg/rosidl_generator_c__visibility_control.h
-- Up-to-date: /home/arc/Documents/ros2_tcp_client/install/tcp_format/share/tcp_format/environment/library_path.sh
-- Up-to-date: /home/arc/Documents/ros2_tcp_client/install/tcp_format/share/tcp_format/environment/library_path.dsv
-- Up-to-date: /home/arc/Documents/ros2_tcp_client/install/tcp_format/lib/libtcp_format__rosidl_generator_c.so
-- Up-to-date: /home/arc/Documents/ros2_tcp_client/install/tcp_format/include/tcp_format
-- Up-to-date: /home/arc/Documents/ros2_tcp_client/install/tcp_format/include/tcp_format/srv
-- Up-to-date: /home/arc/Documents/ros2_tcp_client/install/tcp_format/include/tcp_format/srv/detail
-- Up-to-date: /home/arc/Documents/ros2_tcp_client/install/tcp_format/include/tcp_format/srv/detail/socket_format__rosidl_typesupport_fastrtps_c.h
-- Up-to-date: /home/arc/Documents/ros2_tcp_client/install/tcp_format/include/tcp_format/msg
-- Up-to-date: /home/arc/Documents/ros2_tcp_client/install/tcp_format/include/tcp_format/msg/rosidl_typesupport_fastrtps_c__visibility_control.h
-- Up-to-date: /home/arc/Documents/ros2_tcp_client/install/tcp_format/lib/libtcp_format__rosidl_typesupport_fastrtps_c.so
-- Up-to-date: /home/arc/Documents/ros2_tcp_client/install/tcp_format/include/tcp_format
-- Up-to-date: /home/arc/Documents/ros2_tcp_client/install/tcp_format/include/tcp_format/srv
-- Up-to-date: /home/arc/Documents/ros2_tcp_client/install/tcp_format/include/tcp_format/srv/detail
-- Up-to-date: /home/arc/Documents/ros2_tcp_client/install/tcp_format/include/tcp_format/srv/detail/socket_format__rosidl_typesupport_fastrtps_cpp.hpp
-- Up-to-date: /home/arc/Documents/ros2_tcp_client/install/tcp_format/include/tcp_format/srv/detail/dds_fastrtps
-- Up-to-date: /home/arc/Documents/ros2_tcp_client/install/tcp_format/include/tcp_format/msg
-- Up-to-date: /home/arc/Documents/ros2_tcp_client/install/tcp_format/include/tcp_format/msg/rosidl_typesupport_fastrtps_cpp__visibility_control.h
-- Up-to-date: /home/arc/Documents/ros2_tcp_client/install/tcp_format/lib/libtcp_format__rosidl_typesupport_fastrtps_cpp.so
-- Up-to-date: /home/arc/Documents/ros2_tcp_client/install/tcp_format/include/tcp_format
-- Up-to-date: /home/arc/Documents/ros2_tcp_client/install/tcp_format/include/tcp_format/srv
-- Up-to-date: /home/arc/Documents/ros2_tcp_client/install/tcp_format/include/tcp_format/srv/detail
-- Up-to-date: /home/arc/Documents/ros2_tcp_client/install/tcp_format/include/tcp_format/srv/detail/socket_format__rosidl_typesupport_introspection_c.h
-- Up-to-date: /home/arc/Documents/ros2_tcp_client/install/tcp_format/include/tcp_format/srv/detail/socket_format__type_support.c
-- Up-to-date: /home/arc/Documents/ros2_tcp_client/install/tcp_format/include/tcp_format/msg
-- Up-to-date: /home/arc/Documents/ros2_tcp_client/install/tcp_format/include/tcp_format/msg/rosidl_typesupport_introspection_c__visibility_control.h
-- Up-to-date: /home/arc/Documents/ros2_tcp_client/install/tcp_format/lib/libtcp_format__rosidl_typesupport_introspection_c.so
-- Up-to-date: /home/arc/Documents/ros2_tcp_client/install/tcp_format/lib/libtcp_format__rosidl_typesupport_c.so
-- Up-to-date: /home/arc/Documents/ros2_tcp_client/install/tcp_format/include/tcp_format
-- Up-to-date: /home/arc/Documents/ros2_tcp_client/install/tcp_format/include/tcp_format/srv
-- Up-to-date: /home/arc/Documents/ros2_tcp_client/install/tcp_format/include/tcp_format/srv/detail
-- Up-to-date: /home/arc/Documents/ros2_tcp_client/install/tcp_format/include/tcp_format/srv/detail/socket_format__struct.hpp
-- Up-to-date: /home/arc/Documents/ros2_tcp_client/install/tcp_format/include/tcp_format/srv/detail/socket_format__builder.hpp
-- Up-to-date: /home/arc/Documents/ros2_tcp_client/install/tcp_format/include/tcp_format/srv/detail/socket_format__traits.hpp
-- Up-to-date: /home/arc/Documents/ros2_tcp_client/install/tcp_format/include/tcp_format/srv/socket_format.hpp
-- Up-to-date: /home/arc/Documents/ros2_tcp_client/install/tcp_format/include/tcp_format
-- Up-to-date: /home/arc/Documents/ros2_tcp_client/install/tcp_format/include/tcp_format/srv
-- Up-to-date: /home/arc/Documents/ros2_tcp_client/install/tcp_format/include/tcp_format/srv/detail
-- Up-to-date: /home/arc/Documents/ros2_tcp_client/install/tcp_format/include/tcp_format/srv/detail/socket_format__type_support.cpp
-- Up-to-date: /home/arc/Documents/ros2_tcp_client/install/tcp_format/include/tcp_format/srv/detail/socket_format__rosidl_typesupport_introspection_cpp.hpp
-- Up-to-date: /home/arc/Documents/ros2_tcp_client/install/tcp_format/lib/libtcp_format__rosidl_typesupport_introspection_cpp.so
-- Up-to-date: /home/arc/Documents/ros2_tcp_client/install/tcp_format/lib/libtcp_format__rosidl_typesupport_cpp.so
-- Up-to-date: /home/arc/Documents/ros2_tcp_client/install/tcp_format/share/tcp_format/environment/pythonpath.sh
-- Up-to-date: /home/arc/Documents/ros2_tcp_client/install/tcp_format/share/tcp_format/environment/pythonpath.dsv
-- Up-to-date: /home/arc/Documents/ros2_tcp_client/install/tcp_format/lib/python3.8/site-packages/tcp_format/__init__.py
-- Up-to-date: /home/arc/Documents/ros2_tcp_client/install/tcp_format/lib/python3.8/site-packages/tcp_format/srv
-- Up-to-date: /home/arc/Documents/ros2_tcp_client/install/tcp_format/lib/python3.8/site-packages/tcp_format/srv/__init__.py
-- Up-to-date: /home/arc/Documents/ros2_tcp_client/install/tcp_format/lib/python3.8/site-packages/tcp_format/srv/_socket_format.py
-- Up-to-date: /home/arc/Documents/ros2_tcp_client/install/tcp_format/lib/python3.8/site-packages/tcp_format/srv/_socket_format_s.c
-- Up-to-date: /home/arc/Documents/ros2_tcp_client/install/tcp_format/lib/python3.8/site-packages/tcp_format/tcp_format_s__rosidl_typesupport_fastrtps_c.cpython-38-x86_64-linux-gnu.so
-- Up-to-date: /home/arc/Documents/ros2_tcp_client/install/tcp_format/lib/python3.8/site-packages/tcp_format/tcp_format_s__rosidl_typesupport_introspection_c.cpython-38-x86_64-linux-gnu.so
-- Up-to-date: /home/arc/Documents/ros2_tcp_client/install/tcp_format/lib/python3.8/site-packages/tcp_format/tcp_format_s__rosidl_typesupport_c.cpython-38-x86_64-linux-gnu.so
-- Up-to-date: /home/arc/Documents/ros2_tcp_client/install/tcp_format/lib/libtcp_format__python.so
-- Up-to-date: /home/arc/Documents/ros2_tcp_client/install/tcp_format/share/tcp_format/srv/SocketFormat.idl
-- Up-to-date: /home/arc/Documents/ros2_tcp_client/install/tcp_format/share/tcp_format/srv/SocketFormat.srv
-- Up-to-date: /home/arc/Documents/ros2_tcp_client/install/tcp_format/share/tcp_format/srv/SocketFormat_Request.msg
-- Up-to-date: /home/arc/Documents/ros2_tcp_client/install/tcp_format/share/tcp_format/srv/SocketFormat_Response.msg
-- Up-to-date: /home/arc/Documents/ros2_tcp_client/install/tcp_format/share/ament_index/resource_index/package_run_dependencies/tcp_format
-- Up-to-date: /home/arc/Documents/ros2_tcp_client/install/tcp_format/share/ament_index/resource_index/parent_prefix_path/tcp_format
-- Up-to-date: /home/arc/Documents/ros2_tcp_client/install/tcp_format/share/tcp_format/environment/ament_prefix_path.sh
-- Up-to-date: /home/arc/Documents/ros2_tcp_client/install/tcp_format/share/tcp_format/environment/ament_prefix_path.dsv
-- Up-to-date: /home/arc/Documents/ros2_tcp_client/install/tcp_format/share/tcp_format/environment/path.sh
-- Up-to-date: /home/arc/Documents/ros2_tcp_client/install/tcp_format/share/tcp_format/environment/path.dsv
-- Up-to-date: /home/arc/Documents/ros2_tcp_client/install/tcp_format/share/tcp_format/local_setup.bash
-- Up-to-date: /home/arc/Documents/ros2_tcp_client/install/tcp_format/share/tcp_format/local_setup.sh
-- Up-to-date: /home/arc/Documents/ros2_tcp_client/install/tcp_format/share/tcp_format/local_setup.zsh
-- Up-to-date: /home/arc/Documents/ros2_tcp_client/install/tcp_format/share/tcp_format/local_setup.dsv
-- Installing: /home/arc/Documents/ros2_tcp_client/install/tcp_format/share/tcp_format/package.dsv
-- Up-to-date: /home/arc/Documents/ros2_tcp_client/install/tcp_format/share/ament_index/resource_index/packages/tcp_format
-- Up-to-date: /home/arc/Documents/ros2_tcp_client/install/tcp_format/share/tcp_format/cmake/tcp_format__rosidl_generator_cExport.cmake
-- Up-to-date: /home/arc/Documents/ros2_tcp_client/install/tcp_format/share/tcp_format/cmake/tcp_format__rosidl_generator_cExport-noconfig.cmake
-- Up-to-date: /home/arc/Documents/ros2_tcp_client/install/tcp_format/share/tcp_format/cmake/tcp_format__rosidl_typesupport_introspection_cExport.cmake
-- Up-to-date: /home/arc/Documents/ros2_tcp_client/install/tcp_format/share/tcp_format/cmake/tcp_format__rosidl_typesupport_introspection_cExport-noconfig.cmake
-- Up-to-date: /home/arc/Documents/ros2_tcp_client/install/tcp_format/share/tcp_format/cmake/tcp_format__rosidl_typesupport_cExport.cmake
-- Up-to-date: /home/arc/Documents/ros2_tcp_client/install/tcp_format/share/tcp_format/cmake/tcp_format__rosidl_typesupport_cExport-noconfig.cmake
-- Up-to-date: /home/arc/Documents/ros2_tcp_client/install/tcp_format/share/tcp_format/cmake/tcp_format__rosidl_generator_cppExport.cmake
-- Up-to-date: /home/arc/Documents/ros2_tcp_client/install/tcp_format/share/tcp_format/cmake/tcp_format__rosidl_typesupport_introspection_cppExport.cmake
-- Up-to-date: /home/arc/Documents/ros2_tcp_client/install/tcp_format/share/tcp_format/cmake/tcp_format__rosidl_typesupport_introspection_cppExport-noconfig.cmake
-- Up-to-date: /home/arc/Documents/ros2_tcp_client/install/tcp_format/share/tcp_format/cmake/tcp_format__rosidl_typesupport_cppExport.cmake
-- Up-to-date: /home/arc/Documents/ros2_tcp_client/install/tcp_format/share/tcp_format/cmake/tcp_format__rosidl_typesupport_cppExport-noconfig.cmake
-- Up-to-date: /home/arc/Documents/ros2_tcp_client/install/tcp_format/share/tcp_format/cmake/rosidl_cmake-extras.cmake
-- Up-to-date: /home/arc/Documents/ros2_tcp_client/install/tcp_format/share/tcp_format/cmake/ament_cmake_export_dependencies-extras.cmake
-- Up-to-date: /home/arc/Documents/ros2_tcp_client/install/tcp_format/share/tcp_format/cmake/ament_cmake_export_libraries-extras.cmake
-- Up-to-date: /home/arc/Documents/ros2_tcp_client/install/tcp_format/share/tcp_format/cmake/ament_cmake_export_targets-extras.cmake
-- Up-to-date: /home/arc/Documents/ros2_tcp_client/install/tcp_format/share/tcp_format/cmake/ament_cmake_export_include_directories-extras.cmake
-- Up-to-date: /home/arc/Documents/ros2_tcp_client/install/tcp_format/share/tcp_format/cmake/rosidl_cmake_export_typesupport_libraries-extras.cmake
-- Up-to-date: /home/arc/Documents/ros2_tcp_client/install/tcp_format/share/tcp_format/cmake/rosidl_cmake_export_typesupport_targets-extras.cmake
-- Up-to-date: /home/arc/Documents/ros2_tcp_client/install/tcp_format/share/tcp_format/cmake/tcp_formatConfig.cmake
-- Up-to-date: /home/arc/Documents/ros2_tcp_client/install/tcp_format/share/tcp_format/cmake/tcp_formatConfig-version.cmake
-- Up-to-date: /home/arc/Documents/ros2_tcp_client/install/tcp_format/share/tcp_format/package.xml
